[INFO] Scanning for projects...
[INFO] 
[INFO] ----------------------< io.github.xxyopen:novel >-----------------------
[INFO] Building novel 3.5.1-SNAPSHOT
[INFO] --------------------------------[ jar ]---------------------------------
[INFO] 
[INFO] --- maven-clean-plugin:3.3.2:clean (default-clean) @ novel ---
[INFO] Deleting C:\Users\wcc\Project\noval_kimi\target
[INFO] 
[INFO] --- maven-resources-plugin:3.3.1:resources (default-resources) @ novel ---
[INFO] Copying 1 resource from src\main\resources to target\classes
[INFO] Copying 35 resources from src\main\resources to target\classes
[INFO] 
[INFO] --- maven-compiler-plugin:3.13.0:compile (default-compile) @ novel ---
[INFO] Recompiling the module because of changed source code.
[INFO] Compiling 215 source files with javac [debug parameters release 21] to target\classes
[INFO] ------------------------------------------------------------------------
[INFO] BUILD FAILURE
[INFO] ------------------------------------------------------------------------
[INFO] Total time:  3.492 s
[INFO] Finished at: 2026-04-18T12:08:06+08:00
[INFO] ------------------------------------------------------------------------
[ERROR] Failed to execute goal org.apache.maven.plugins:maven-compiler-plugin:3.13.0:compile (default-compile) on project novel: Fatal error compiling: 댄轎: 꼇連넣랙契경굶 21 -> [Help 1]
[ERROR] 
[ERROR] To see the full stack trace of the errors, re-run Maven with the -e switch.
[ERROR] Re-run Maven using the -X switch to enable full debug logging.
[ERROR] 
[ERROR] For more information about the errors and possible solutions, please read the following articles:
[ERROR] [Help 1] http://cwiki.apache.org/confluence/display/MAVEN/MojoExecutionException
