[INFO] Scanning for projects...
[INFO] 
[INFO] ----------------------< io.github.xxyopen:novel >-----------------------
[INFO] Building novel 3.5.1-SNAPSHOT
[INFO] --------------------------------[ jar ]---------------------------------
[INFO] 
[INFO] --- maven-clean-plugin:3.3.2:clean (default-clean) @ novel ---
[INFO] Deleting C:\Users\wcc\Project\noval_kimi\target
[INFO] 
[INFO] --- maven-resources-plugin:3.3.1:resources (default-resources) @ novel ---
[INFO] Copying 1 resource from src\main\resources to target\classes
[INFO] Copying 35 resources from src\main\resources to target\classes
[INFO] 
[INFO] --- maven-compiler-plugin:3.13.0:compile (default-compile) @ novel ---
[INFO] Recompiling the module because of changed source code.
[INFO] Compiling 216 source files with javac [debug parameters release 17] to target\classes
[WARNING] /C:/Users/wcc/Project/noval_kimi/src/main/java/io/github/xxyopen/novel/dto/req/BookSearchReqDto.java:[17,1] Generating equals/hashCode implementation but without a call to superclass, even though this class does not extend java.lang.Object. If this is intentional, add '@EqualsAndHashCode(callSuper=false)' to your type.
[WARNING] /C:/Users/wcc/Project/noval_kimi/src/main/java/io/github/xxyopen/novel/NovelApplication.java:[58,13] org.springframework.security.config.annotation.web.builders.HttpSecurity 中的 csrf() 已过时, 且标记为待删除
[WARNING] /C:/Users/wcc/Project/noval_kimi/src/main/java/io/github/xxyopen/novel/NovelApplication.java:[61,13] org.springframework.security.config.annotation.web.builders.HttpSecurity 中的 httpBasic() 已过时, 且标记为待删除
[INFO] /C:/Users/wcc/Project/noval_kimi/src/main/java/io/github/xxyopen/novel/core/aspect/SortOrderValidationAspect.java: C:\Users\wcc\Project\noval_kimi\src\main\java\io\github\xxyopen\novel\core\aspect\SortOrderValidationAspect.java使用了未经检查或不安全的操作。
[INFO] /C:/Users/wcc/Project/noval_kimi/src/main/java/io/github/xxyopen/novel/core/aspect/SortOrderValidationAspect.java: 有关详细信息, 请使用 -Xlint:unchecked 重新编译。
[INFO] ------------------------------------------------------------------------
[INFO] BUILD SUCCESS
[INFO] ------------------------------------------------------------------------
[INFO] Total time:  10.622 s
[INFO] Finished at: 2026-04-18T14:07:53+08:00
[INFO] ------------------------------------------------------------------------
