[INFO] Scanning for projects...
[INFO] 
[INFO] ----------------------< io.github.xxyopen:novel >-----------------------
[INFO] Building novel 3.5.1-SNAPSHOT
[INFO] --------------------------------[ jar ]---------------------------------
[INFO] 
[INFO] >>> spring-boot-maven-plugin:3.3.0:run (default-cli) > test-compile @ novel >>>
[INFO] 
[INFO] --- maven-resources-plugin:3.3.1:resources (default-resources) @ novel ---
[INFO] Copying 1 resource from src\main\resources to target\classes
[INFO] Copying 35 resources from src\main\resources to target\classes
[INFO] 
[INFO] --- maven-compiler-plugin:3.13.0:compile (default-compile) @ novel ---
[INFO] Nothing to compile - all classes are up to date.
[INFO] 
[INFO] --- maven-resources-plugin:3.3.1:testResources (default-testResources) @ novel ---
[INFO] Copying 7 resources from src\test\resources to target\test-classes
[INFO] 
[INFO] --- maven-compiler-plugin:3.13.0:testCompile (default-testCompile) @ novel ---
[INFO] Recompiling the module because of changed source code.
[INFO] Compiling 1 source file with javac [debug parameters release 17] to target\test-classes
[INFO] 
[INFO] <<< spring-boot-maven-plugin:3.3.0:run (default-cli) < test-compile @ novel <<<
[INFO] 
[INFO] 
[INFO] --- spring-boot-maven-plugin:3.3.0:run (default-cli) @ novel ---
[INFO] Attaching agents: []
12:17:05,373 |-INFO in ch.qos.logback.classic.LoggerContext[default] - This is logback-classic version 1.5.6
12:17:05,377 |-INFO in ch.qos.logback.classic.util.ContextInitializer@552518c3 - Here is a list of configurators discovered as a service, by rank: 
12:17:05,377 |-INFO in ch.qos.logback.classic.util.ContextInitializer@552518c3 -   org.springframework.boot.logging.logback.RootLogLevelConfigurator
12:17:05,377 |-INFO in ch.qos.logback.classic.util.ContextInitializer@552518c3 - They will be invoked in order until ExecutionStatus.DO_NOT_INVOKE_NEXT_IF_ANY is returned.
12:17:05,377 |-INFO in ch.qos.logback.classic.util.ContextInitializer@552518c3 - Constructed configurator of type class org.springframework.boot.logging.logback.RootLogLevelConfigurator
12:17:05,390 |-INFO in ch.qos.logback.classic.util.ContextInitializer@552518c3 - org.springframework.boot.logging.logback.RootLogLevelConfigurator.configure() call lasted 1 milliseconds. ExecutionStatus=INVOKE_NEXT_IF_ANY
12:17:05,390 |-INFO in ch.qos.logback.classic.util.ContextInitializer@552518c3 - Trying to configure with ch.qos.logback.classic.joran.SerializedModelConfigurator
12:17:05,391 |-INFO in ch.qos.logback.classic.util.ContextInitializer@552518c3 - Constructed configurator of type class ch.qos.logback.classic.joran.SerializedModelConfigurator
12:17:05,394 |-INFO in ch.qos.logback.classic.LoggerContext[default] - Could NOT find resource [logback-test.scmo]
12:17:05,394 |-INFO in ch.qos.logback.classic.LoggerContext[default] - Could NOT find resource [logback.scmo]
12:17:05,394 |-INFO in ch.qos.logback.classic.util.ContextInitializer@552518c3 - ch.qos.logback.classic.joran.SerializedModelConfigurator.configure() call lasted 3 milliseconds. ExecutionStatus=INVOKE_NEXT_IF_ANY
12:17:05,394 |-INFO in ch.qos.logback.classic.util.ContextInitializer@552518c3 - Trying to configure with ch.qos.logback.classic.util.DefaultJoranConfigurator
12:17:05,395 |-INFO in ch.qos.logback.classic.util.ContextInitializer@552518c3 - Constructed configurator of type class ch.qos.logback.classic.util.DefaultJoranConfigurator
12:17:05,396 |-INFO in ch.qos.logback.classic.LoggerContext[default] - Could NOT find resource [logback-test.xml]
12:17:05,396 |-INFO in ch.qos.logback.classic.LoggerContext[default] - Could NOT find resource [logback.xml]
12:17:05,396 |-INFO in ch.qos.logback.classic.util.ContextInitializer@552518c3 - ch.qos.logback.classic.util.DefaultJoranConfigurator.configure() call lasted 1 milliseconds. ExecutionStatus=INVOKE_NEXT_IF_ANY
12:17:05,396 |-INFO in ch.qos.logback.classic.util.ContextInitializer@552518c3 - Trying to configure with ch.qos.logback.classic.BasicConfigurator
12:17:05,398 |-INFO in ch.qos.logback.classic.util.ContextInitializer@552518c3 - Constructed configurator of type class ch.qos.logback.classic.BasicConfigurator
12:17:05,398 |-INFO in ch.qos.logback.classic.BasicConfigurator@1a69561c - Setting up default configuration.
12:17:05,419 |-INFO in ch.qos.logback.classic.util.ContextInitializer@552518c3 - ch.qos.logback.classic.BasicConfigurator.configure() call lasted 21 milliseconds. ExecutionStatus=NEUTRAL
12:17:06,058 |-INFO in ch.qos.logback.core.joran.action.ConversionRuleAction - registering conversion word clr with class [org.springframework.boot.logging.logback.ColorConverter]
12:17:06,058 |-INFO in ch.qos.logback.core.joran.action.ConversionRuleAction - registering conversion word wex with class [org.springframework.boot.logging.logback.WhitespaceThrowableProxyConverter]
12:17:06,058 |-INFO in ch.qos.logback.core.joran.action.ConversionRuleAction - registering conversion word wEx with class [org.springframework.boot.logging.logback.ExtendedWhitespaceThrowableProxyConverter]
12:17:06,102 |-INFO in ch.qos.logback.core.model.processor.AppenderModelHandler - Processing appender named [STDOUT]
12:17:06,102 |-INFO in ch.qos.logback.core.model.processor.AppenderModelHandler - About to instantiate appender of type [ch.qos.logback.core.ConsoleAppender]
12:17:06,106 |-INFO in ch.qos.logback.core.model.processor.ImplicitModelHandler - Assuming default type [ch.qos.logback.classic.encoder.PatternLayoutEncoder] for [encoder] property
12:17:06,123 |-INFO in ch.qos.logback.core.model.processor.AppenderModelHandler - Processing appender named [FILE]
12:17:06,123 |-INFO in ch.qos.logback.core.model.processor.AppenderModelHandler - About to instantiate appender of type [ch.qos.logback.core.rolling.RollingFileAppender]
12:17:06,132 |-INFO in c.q.l.core.rolling.TimeBasedRollingPolicy@1504321715 - No compression will be used
12:17:06,132 |-INFO in c.q.l.core.rolling.TimeBasedRollingPolicy@1504321715 - Will use the pattern logs/debug.%d.%i.log for the active file
12:17:06,145 |-INFO in ch.qos.logback.core.rolling.SizeAndTimeBasedFNATP@363f6148 - The date pattern is 'yyyy-MM-dd' from file name pattern 'logs/debug.%d.%i.log'.
12:17:06,145 |-INFO in ch.qos.logback.core.rolling.SizeAndTimeBasedFNATP@363f6148 - Roll-over at midnight.
12:17:06,150 |-INFO in ch.qos.logback.core.rolling.SizeAndTimeBasedFNATP@363f6148 - Setting initial period to 2026-04-17T16:16:34.670Z
12:17:06,150 |-WARN in ch.qos.logback.core.rolling.SizeAndTimeBasedFNATP@363f6148 - SizeAndTimeBasedFNATP is deprecated. Use SizeAndTimeBasedRollingPolicy instead
12:17:06,150 |-WARN in ch.qos.logback.core.rolling.SizeAndTimeBasedFNATP@363f6148 - For more information see http://logback.qos.ch/manual/appenders.html#SizeAndTimeBasedRollingPolicy
12:17:06,152 |-INFO in ch.qos.logback.core.model.processor.ImplicitModelHandler - Assuming default type [ch.qos.logback.classic.encoder.PatternLayoutEncoder] for [encoder] property
12:17:06,153 |-INFO in ch.qos.logback.core.rolling.RollingFileAppender[FILE] - Active log file name: logs/novel.log
12:17:06,154 |-INFO in ch.qos.logback.core.rolling.RollingFileAppender[FILE] - File property is set to [logs/novel.log]
12:17:06,154 |-INFO in ch.qos.logback.classic.model.processor.RootLoggerModelHandler - Setting level of ROOT logger to INFO
12:17:06,155 |-INFO in ch.qos.logback.classic.jul.LevelChangePropagator@4b21844c - Propagating INFO level on Logger[ROOT] onto the JUL framework
12:17:06,155 |-INFO in ch.qos.logback.core.model.processor.AppenderRefModelHandler - Attaching appender named [STDOUT] to Logger[ROOT]
12:17:06,155 |-INFO in ch.qos.logback.core.model.processor.AppenderRefModelHandler - Attaching appender named [FILE] to Logger[ROOT]
12:17:06,155 |-INFO in ch.qos.logback.classic.model.processor.LoggerModelHandler - Setting level of logger [io.github.xxyopen] to DEBUG
12:17:06,155 |-INFO in ch.qos.logback.classic.jul.LevelChangePropagator@4b21844c - Propagating DEBUG level on Logger[io.github.xxyopen] onto the JUL framework
12:17:06,156 |-INFO in ch.qos.logback.classic.model.processor.LoggerModelHandler - Setting additivity of logger [io.github.xxyopen] to false
12:17:06,156 |-INFO in ch.qos.logback.core.model.processor.AppenderRefModelHandler - Attaching appender named [STDOUT] to Logger[io.github.xxyopen]
12:17:06,156 |-INFO in ch.qos.logback.core.model.processor.AppenderRefModelHandler - Attaching appender named [FILE] to Logger[io.github.xxyopen]
12:17:06,156 |-INFO in ch.qos.logback.classic.model.processor.LoggerModelHandler - Setting level of logger [org.zalando.logbook] to TRACE
12:17:06,156 |-INFO in ch.qos.logback.classic.jul.LevelChangePropagator@4b21844c - Propagating TRACE level on Logger[org.zalando.logbook] onto the JUL framework
12:17:06,156 |-INFO in ch.qos.logback.classic.model.processor.LoggerModelHandler - Setting additivity of logger [org.zalando.logbook] to false
12:17:06,156 |-INFO in ch.qos.logback.core.model.processor.AppenderRefModelHandler - Attaching appender named [STDOUT] to Logger[org.zalando.logbook]
12:17:06,156 |-INFO in ch.qos.logback.core.model.processor.AppenderRefModelHandler - Attaching appender named [FILE] to Logger[org.zalando.logbook]
12:17:06,156 |-INFO in ch.qos.logback.core.model.processor.DefaultProcessor@1b28f282 - End of configuration.
12:17:06,157 |-INFO in org.springframework.boot.logging.logback.SpringBootJoranConfigurator@138fe6ec - Registering current configuration as safe fallback point

  .   ____          _            __ _ _
 /\\ / ___'_ __ _ _(_)_ __  __ _ \ \ \ \
( ( )\___ | '_ | '_| | '_ \/ _` | \ \ \ \
 \\/  ___)| |_)| | | | | || (_| |  ) ) ) )
  '  |____| .__|_| |_|_| |_\__, | / / / /
 =========|_|==============|___/=/_/_/_/

 :: Spring Boot ::                (v3.3.0)

2026-04-18 12:17:06.189  INFO 1552 --- [kground-preinit] o.h.validator.internal.util.Version      : HV000001: Hibernate Validator 8.0.1.Final
2026-04-18 12:17:06.246  INFO 1552 --- [           main] i.github.xxyopen.novel.NovelApplication  : Starting NovelApplication using Java 17.0.16 with PID 1552 (C:\Users\wcc\Project\noval_kimi\target\classes started by wcc in C:\Users\wcc\Project\noval_kimi)
2026-04-18 12:17:06.246 DEBUG 1552 --- [           main] i.github.xxyopen.novel.NovelApplication  : Running with Spring Boot v3.3.0, Spring v6.1.8
2026-04-18 12:17:06.247  INFO 1552 --- [           main] i.github.xxyopen.novel.NovelApplication  : The following 1 profile is active: "dev"
2026-04-18 12:17:08.184  INFO 1552 --- [           main] .s.d.r.c.RepositoryConfigurationDelegate : Multiple Spring Data modules found, entering strict repository configuration mode
2026-04-18 12:17:08.186  INFO 1552 --- [           main] .s.d.r.c.RepositoryConfigurationDelegate : Bootstrapping Spring Data Elasticsearch repositories in DEFAULT mode.
2026-04-18 12:17:08.218  INFO 1552 --- [           main] .s.d.r.c.RepositoryConfigurationDelegate : Finished Spring Data repository scanning in 25 ms. Found 0 Elasticsearch repository interfaces.
2026-04-18 12:17:08.221  INFO 1552 --- [           main] .s.d.r.c.RepositoryConfigurationDelegate : Multiple Spring Data modules found, entering strict repository configuration mode
2026-04-18 12:17:08.223  INFO 1552 --- [           main] .s.d.r.c.RepositoryConfigurationDelegate : Bootstrapping Spring Data Reactive Elasticsearch repositories in DEFAULT mode.
2026-04-18 12:17:08.228  INFO 1552 --- [           main] .s.d.r.c.RepositoryConfigurationDelegate : Finished Spring Data repository scanning in 5 ms. Found 0 Reactive Elasticsearch repository interfaces.
2026-04-18 12:17:08.238  INFO 1552 --- [           main] .s.d.r.c.RepositoryConfigurationDelegate : Multiple Spring Data modules found, entering strict repository configuration mode
2026-04-18 12:17:08.240  INFO 1552 --- [           main] .s.d.r.c.RepositoryConfigurationDelegate : Bootstrapping Spring Data Redis repositories in DEFAULT mode.
2026-04-18 12:17:08.255  INFO 1552 --- [           main] .s.d.r.c.RepositoryConfigurationDelegate : Finished Spring Data repository scanning in 6 ms. Found 0 Redis repository interfaces.
2026-04-18 12:17:09.731  INFO 1552 --- [           main] o.s.b.w.embedded.tomcat.TomcatWebServer  : Tomcat initialized with port 8888 (http)
2026-04-18 12:17:09.744  INFO 1552 --- [           main] o.a.coyote.http11.Http11NioProtocol      : Initializing ProtocolHandler ["http-nio-8888"]
2026-04-18 12:17:09.747  INFO 1552 --- [           main] o.apache.catalina.core.StandardService   : Starting service [Tomcat]
2026-04-18 12:17:09.747  INFO 1552 --- [           main] o.apache.catalina.core.StandardEngine    : Starting Servlet engine: [Apache Tomcat/10.1.24]
2026-04-18 12:17:09.874  INFO 1552 --- [           main] o.a.c.c.C.[Tomcat].[localhost].[/]       : Initializing Spring embedded WebApplicationContext
2026-04-18 12:17:09.875  INFO 1552 --- [           main] w.s.c.ServletWebServerApplicationContext : Root WebApplicationContext: initialization completed in 3413 ms
 _ _   |_  _ _|_. ___ _ |    _ 
| | |\/|_)(_| | |_\  |_)||_|_\ 
     /               |         
                        3.5.6 
2026-04-18 12:17:12.368  INFO 1552 --- [           main] org.redisson.Version                     : Redisson 3.19.1
2026-04-18 12:17:12.671  INFO 1552 --- [isson-netty-2-5] o.r.c.pool.MasterPubSubConnectionPool    : 1 connections initialized for 127.0.0.1/127.0.0.1:6379
2026-04-18 12:17:12.713  INFO 1552 --- [sson-netty-2-18] o.r.c.pool.MasterConnectionPool          : 24 connections initialized for 127.0.0.1/127.0.0.1:6379
2026-04-18 12:17:12.969  INFO 1552 --- [           main] com.zaxxer.hikari.HikariDataSource       : HikariPool-1 - Starting...
2026-04-18 12:17:13.233  INFO 1552 --- [           main] com.zaxxer.hikari.pool.HikariPool        : HikariPool-1 - Added connection com.mysql.cj.jdbc.ConnectionImpl@2227c82d
2026-04-18 12:17:13.234  INFO 1552 --- [           main] com.zaxxer.hikari.HikariDataSource       : HikariPool-1 - Start completed.
2026-04-18 12:17:13.240 DEBUG 1552 --- [           main] i.g.x.n.d.m.A.selectList                 : ==>  Preparing: SELECT id,word,category,level,is_enabled,create_time FROM audit_sensitive_word
2026-04-18 12:17:13.277 DEBUG 1552 --- [           main] i.g.x.n.d.m.A.selectList                 : ==> Parameters: 
2026-04-18 12:17:13.340 DEBUG 1552 --- [           main] i.g.x.n.d.m.A.selectList                 : <==      Total: 14
2026-04-18 12:17:13.344  INFO 1552 --- [           main] i.g.x.n.core.audit.SensitiveWordFilter   : 敏感词库加载完成，共 14 个
INFO: Sentinel log output type is: file
INFO: Sentinel log charset is: utf-8
INFO: Sentinel log base directory is: C:\Users\wcc\logs\csp\
INFO: Sentinel log name use pid is: false
INFO: Sentinel log level is: INFO
2026-04-18 12:17:13.727  INFO 1552 --- [           main] r$InitializeUserDetailsManagerConfigurer : Global AuthenticationManager configured with UserDetailsService bean with name inMemoryUserDetailsManager
2026-04-18 12:17:13.875  INFO 1552 --- [           main] o.s.s.web.DefaultSecurityFilterChain     : Will secure EndpointRequestMatcher includes=[*], excludes=[], includeLinks=true with [org.springframework.security.web.session.DisableEncodeUrlFilter@274010fe, org.springframework.security.web.context.request.async.WebAsyncManagerIntegrationFilter@975f349, org.springframework.security.web.context.SecurityContextHolderFilter@2ce5ea69, org.springframework.security.web.header.HeaderWriterFilter@6b56e8ee, org.springframework.web.filter.CorsFilter@68feca3a, org.springframework.security.web.authentication.logout.LogoutFilter@65ff1e6d, org.springframework.security.web.authentication.www.BasicAuthenticationFilter@13b666b4, org.springframework.security.web.savedrequest.RequestCacheAwareFilter@2acacdf, org.springframework.security.web.servletapi.SecurityContextHolderAwareRequestFilter@395065af, org.springframework.security.web.authentication.AnonymousAuthenticationFilter@3d1ecf3b, org.springframework.security.web.access.ExceptionTranslationFilter@2246bfd1, org.springframework.security.web.access.intercept.AuthorizationFilter@1192d1f5]
2026-04-18 12:17:15.620  INFO 1552 --- [           main] o.s.b.a.e.web.EndpointLinksResolver      : Exposing 15 endpoints beneath base path '/actuator'
2026-04-18 12:17:15.836  INFO 1552 --- [           main] o.a.coyote.http11.Http11NioProtocol      : Starting ProtocolHandler ["http-nio-8888"]
2026-04-18 12:17:15.847  INFO 1552 --- [           main] o.s.b.w.embedded.tomcat.TomcatWebServer  : Tomcat started on port 8888 (http) with context path '/'
2026-04-18 12:17:15.864  INFO 1552 --- [           main] i.github.xxyopen.novel.NovelApplication  : Started NovelApplication in 10.28 seconds (process running for 10.864)
2026-04-18 12:17:15.872 DEBUG 1552 --- [   scheduling-1] i.g.x.n.d.m.A.selectList                 : ==>  Preparing: SELECT id,word,category,level,is_enabled,create_time FROM audit_sensitive_word
2026-04-18 12:17:15.873 DEBUG 1552 --- [   scheduling-1] i.g.x.n.d.m.A.selectList                 : ==> Parameters: 
2026-04-18 12:17:15.876 DEBUG 1552 --- [   scheduling-1] i.g.x.n.d.m.A.selectList                 : <==      Total: 14
2026-04-18 12:17:15.877  INFO 1552 --- [   scheduling-1] i.g.x.n.core.audit.SensitiveWordFilter   : 敏感词库加载完成，共 14 个
2026-04-18 12:17:15.911  INFO 1552 --- [           main] i.github.xxyopen.novel.NovelApplication  : 加载了如下缓存管理器：
2026-04-18 12:17:15.912  INFO 1552 --- [           main] i.github.xxyopen.novel.NovelApplication  : caffeineCacheManager:org.springframework.cache.support.SimpleCacheManager
2026-04-18 12:17:15.912  INFO 1552 --- [           main] i.github.xxyopen.novel.NovelApplication  : 缓存：[homeBookCache, latestNewsCache, bookNewestRankCache, bookUpdateRankCache, bookCategoryListCache, bookInfoCache, bookChapterCache, lastUpdateBookIdListCache]
2026-04-18 12:17:15.912  INFO 1552 --- [           main] i.github.xxyopen.novel.NovelApplication  : redisCacheManager:org.springframework.data.redis.cache.RedisCacheManager
2026-04-18 12:17:15.912  INFO 1552 --- [           main] i.github.xxyopen.novel.NovelApplication  : 缓存：[bookVisitRankCache, homeFriendLinkCache, bookContentCache, userInfoCache, authorInfoCache]
2026-04-18 12:17:15.913  INFO 1552 --- [           main] i.github.xxyopen.novel.NovelApplication  : 创建连接池...
2026-04-18 12:17:15.913  INFO 1552 --- [           main] i.github.xxyopen.novel.NovelApplication  : 最小空闲连接数：10
2026-04-18 12:17:15.913  INFO 1552 --- [           main] i.github.xxyopen.novel.NovelApplication  : 最大连接数：10
2026-04-18 12:17:15.913  INFO 1552 --- [           main] i.github.xxyopen.novel.NovelApplication  : 创建连接池完成.
2026-04-18 12:17:15.913  INFO 1552 --- [           main] i.github.xxyopen.novel.NovelApplication  : 数据库：MySQL
2026-04-18 12:17:15.913  INFO 1552 --- [           main] i.github.xxyopen.novel.NovelApplication  : 数据库版本：8.4.7
2026-04-18 12:22:15.864 DEBUG 1552 --- [   scheduling-1] i.g.x.n.d.m.A.selectList                 : ==>  Preparing: SELECT id,word,category,level,is_enabled,create_time FROM audit_sensitive_word
2026-04-18 12:22:15.865 DEBUG 1552 --- [   scheduling-1] i.g.x.n.d.m.A.selectList                 : ==> Parameters: 
2026-04-18 12:22:15.867 DEBUG 1552 --- [   scheduling-1] i.g.x.n.d.m.A.selectList                 : <==      Total: 14
2026-04-18 12:22:15.868  INFO 1552 --- [   scheduling-1] i.g.x.n.core.audit.SensitiveWordFilter   : 敏感词库加载完成，共 14 个
2026-04-18 12:23:56.403  INFO 1552 --- [nio-8888-exec-1] o.a.c.c.C.[Tomcat].[localhost].[/]       : Initializing Spring DispatcherServlet 'dispatcherServlet'
2026-04-18 12:23:56.403  INFO 1552 --- [nio-8888-exec-1] o.s.web.servlet.DispatcherServlet        : Initializing Servlet 'dispatcherServlet'
2026-04-18 12:23:56.405  INFO 1552 --- [nio-8888-exec-1] o.s.web.servlet.DispatcherServlet        : Completed initialization in 2 ms
2026-04-18 12:23:56.439 TRACE 1552 --- [nio-8888-exec-1] org.zalando.logbook.Logbook              : Incoming Request: f45eb833bb894a04
Remote: 0:0:0:0:0:0:0:1
GET http://localhost:8888/api/front/home/books HTTP/1.1
connection: Keep-Alive
host: localhost:8888
user-agent: Mozilla/5.0 (Windows NT; Windows NT 10.0; zh-CN) WindowsPowerShell/5.1.26100.8115
2026-04-18 12:23:56.503 DEBUG 1552 --- [nio-8888-exec-1] i.g.x.n.controller.front.HomeController  : 处理请求的线程：Thread[http-nio-8888-exec-1,5,main]
2026-04-18 12:23:56.526 DEBUG 1552 --- [nio-8888-exec-1] i.g.x.n.d.m.HomeBookMapper.selectList    : ==>  Preparing: SELECT id,type,sort,book_id,create_time,update_time FROM home_book ORDER BY sort ASC
2026-04-18 12:23:56.526 DEBUG 1552 --- [nio-8888-exec-1] i.g.x.n.d.m.HomeBookMapper.selectList    : ==> Parameters: 
2026-04-18 12:23:56.535 DEBUG 1552 --- [nio-8888-exec-1] i.g.x.n.d.m.HomeBookMapper.selectList    : <==      Total: 0
2026-04-18 12:23:56.592 TRACE 1552 --- [nio-8888-exec-1] org.zalando.logbook.Logbook              : Outgoing Response: f45eb833bb894a04
Duration: 151 ms
HTTP/1.1 200 OK
Connection: keep-alive
Content-Type: application/json
Date: Sat, 18 Apr 2026 04:23:56 GMT
Keep-Alive: timeout=60
Transfer-Encoding: chunked
Vary: Origin, Access-Control-Request-Method, Access-Control-Request-Headers

{"code":"00000","message":"一切 ok","data":[],"ok":true}
2026-04-18 12:23:56.721 TRACE 1552 --- [nio-8888-exec-2] org.zalando.logbook.Logbook              : Incoming Request: 921eab37abaf36f0
Remote: 0:0:0:0:0:0:0:1
GET http://localhost:8888/api/front/book/list?pageNum=1&pageSize=10 HTTP/1.1
host: localhost:8888
user-agent: Mozilla/5.0 (Windows NT; Windows NT 10.0; zh-CN) WindowsPowerShell/5.1.26100.8115
2026-04-18 12:23:56.744 ERROR 1552 --- [nio-8888-exec-2] i.g.x.n.c.c.e.CommonExceptionHandler     : Failed to convert value of type 'java.lang.String' to required type 'java.lang.Long'; For input string: "list"

org.springframework.web.method.annotation.MethodArgumentTypeMismatchException: Failed to convert value of type 'java.lang.String' to required type 'java.lang.Long'; For input string: "list"
	at org.springframework.web.method.annotation.AbstractNamedValueMethodArgumentResolver.convertIfNecessary(AbstractNamedValueMethodArgumentResolver.java:302)
	at org.springframework.web.method.annotation.AbstractNamedValueMethodArgumentResolver.resolveArgument(AbstractNamedValueMethodArgumentResolver.java:137)
	at org.springframework.web.method.support.HandlerMethodArgumentResolverComposite.resolveArgument(HandlerMethodArgumentResolverComposite.java:122)
	at org.springframework.web.method.support.InvocableHandlerMethod.getMethodArgumentValues(InvocableHandlerMethod.java:224)
	at org.springframework.web.method.support.InvocableHandlerMethod.invokeForRequest(InvocableHandlerMethod.java:178)
	at org.springframework.web.servlet.mvc.method.annotation.ServletInvocableHandlerMethod.invokeAndHandle(ServletInvocableHandlerMethod.java:118)
	at org.springframework.web.servlet.mvc.method.annotation.RequestMappingHandlerAdapter.invokeHandlerMethod(RequestMappingHandlerAdapter.java:926)
	at org.springframework.web.servlet.mvc.method.annotation.RequestMappingHandlerAdapter.handleInternal(RequestMappingHandlerAdapter.java:831)
	at org.springframework.web.servlet.mvc.method.AbstractHandlerMethodAdapter.handle(AbstractHandlerMethodAdapter.java:87)
	at org.springframework.web.servlet.DispatcherServlet.doDispatch(DispatcherServlet.java:1089)
	at org.springframework.web.servlet.DispatcherServlet.doService(DispatcherServlet.java:979)
	at org.springframework.web.servlet.FrameworkServlet.processRequest(FrameworkServlet.java:1014)
	at org.springframework.web.servlet.FrameworkServlet.doGet(FrameworkServlet.java:903)
	at jakarta.servlet.http.HttpServlet.service(HttpServlet.java:564)
	at org.springframework.web.servlet.FrameworkServlet.service(FrameworkServlet.java:885)
	at jakarta.servlet.http.HttpServlet.service(HttpServlet.java:658)
	at org.apache.catalina.core.ApplicationFilterChain.internalDoFilter(ApplicationFilterChain.java:195)
	at org.apache.catalina.core.ApplicationFilterChain.doFilter(ApplicationFilterChain.java:140)
	at org.apache.tomcat.websocket.server.WsFilter.doFilter(WsFilter.java:51)
	at org.apache.catalina.core.ApplicationFilterChain.internalDoFilter(ApplicationFilterChain.java:164)
	at org.apache.catalina.core.ApplicationFilterChain.doFilter(ApplicationFilterChain.java:140)
	at org.springframework.web.filter.CorsFilter.doFilterInternal(CorsFilter.java:91)
	at org.springframework.web.filter.OncePerRequestFilter.doFilter(OncePerRequestFilter.java:116)
	at org.apache.catalina.core.ApplicationFilterChain.internalDoFilter(ApplicationFilterChain.java:164)
	at org.apache.catalina.core.ApplicationFilterChain.doFilter(ApplicationFilterChain.java:140)
	at io.github.xxyopen.novel.core.filter.XssFilter.doFilter(XssFilter.java:52)
	at org.apache.catalina.core.ApplicationFilterChain.internalDoFilter(ApplicationFilterChain.java:164)
	at org.apache.catalina.core.ApplicationFilterChain.doFilter(ApplicationFilterChain.java:140)
	at org.zalando.logbook.servlet.LogbookFilter.doFilter(LogbookFilter.java:76)
	at org.zalando.logbook.servlet.HttpFilter.doFilter(HttpFilter.java:32)
	at org.apache.catalina.core.ApplicationFilterChain.internalDoFilter(ApplicationFilterChain.java:164)
	at org.apache.catalina.core.ApplicationFilterChain.doFilter(ApplicationFilterChain.java:140)
	at org.springframework.web.filter.CompositeFilter$VirtualFilterChain.doFilter(CompositeFilter.java:108)
	at org.springframework.security.web.ObservationFilterChainDecorator$FilterObservation$SimpleFilterObservation.lambda$wrap$1(ObservationFilterChainDecorator.java:479)
	at org.springframework.security.web.ObservationFilterChainDecorator.lambda$wrapUnsecured$1(ObservationFilterChainDecorator.java:90)
	at org.springframework.security.web.FilterChainProxy.doFilterInternal(FilterChainProxy.java:219)
	at org.springframework.security.web.FilterChainProxy.doFilter(FilterChainProxy.java:191)
	at org.springframework.web.filter.CompositeFilter$VirtualFilterChain.doFilter(CompositeFilter.java:113)
	at org.springframework.web.servlet.handler.HandlerMappingIntrospector.lambda$createCacheFilter$3(HandlerMappingIntrospector.java:195)
	at org.springframework.web.filter.CompositeFilter$VirtualFilterChain.doFilter(CompositeFilter.java:113)
	at org.springframework.web.filter.CompositeFilter.doFilter(CompositeFilter.java:74)
	at org.springframework.security.config.annotation.web.configuration.WebMvcSecurityConfiguration$CompositeFilterChainProxy.doFilter(WebMvcSecurityConfiguration.java:230)
	at org.springframework.web.filter.DelegatingFilterProxy.invokeDelegate(DelegatingFilterProxy.java:352)
	at org.springframework.web.filter.DelegatingFilterProxy.doFilter(DelegatingFilterProxy.java:268)
	at org.apache.catalina.core.ApplicationFilterChain.internalDoFilter(ApplicationFilterChain.java:164)
	at org.apache.catalina.core.ApplicationFilterChain.doFilter(ApplicationFilterChain.java:140)
	at org.springframework.web.filter.RequestContextFilter.doFilterInternal(RequestContextFilter.java:100)
	at org.springframework.web.filter.OncePerRequestFilter.doFilter(OncePerRequestFilter.java:116)
	at org.apache.catalina.core.ApplicationFilterChain.internalDoFilter(ApplicationFilterChain.java:164)
	at org.apache.catalina.core.ApplicationFilterChain.doFilter(ApplicationFilterChain.java:140)
	at org.springframework.web.filter.FormContentFilter.doFilterInternal(FormContentFilter.java:93)
	at org.springframework.web.filter.OncePerRequestFilter.doFilter(OncePerRequestFilter.java:116)
	at org.apache.catalina.core.ApplicationFilterChain.internalDoFilter(ApplicationFilterChain.java:164)
	at org.apache.catalina.core.ApplicationFilterChain.doFilter(ApplicationFilterChain.java:140)
	at org.zalando.logbook.servlet.LogbookFilter.doFilter(LogbookFilter.java:76)
	at org.zalando.logbook.servlet.SecureLogbookFilter.doFilter(SecureLogbookFilter.java:32)
	at org.zalando.logbook.servlet.HttpFilter.doFilter(HttpFilter.java:32)
	at org.apache.catalina.core.ApplicationFilterChain.internalDoFilter(ApplicationFilterChain.java:164)
	at org.apache.catalina.core.ApplicationFilterChain.doFilter(ApplicationFilterChain.java:140)
	at org.springframework.web.filter.ServerHttpObservationFilter.doFilterInternal(ServerHttpObservationFilter.java:109)
	at org.springframework.web.filter.OncePerRequestFilter.doFilter(OncePerRequestFilter.java:116)
	at org.apache.catalina.core.ApplicationFilterChain.internalDoFilter(ApplicationFilterChain.java:164)
	at org.apache.catalina.core.ApplicationFilterChain.doFilter(ApplicationFilterChain.java:140)
	at org.springframework.web.filter.CharacterEncodingFilter.doFilterInternal(CharacterEncodingFilter.java:201)
	at org.springframework.web.filter.OncePerRequestFilter.doFilter(OncePerRequestFilter.java:116)
	at org.apache.catalina.core.ApplicationFilterChain.internalDoFilter(ApplicationFilterChain.java:164)
	at org.apache.catalina.core.ApplicationFilterChain.doFilter(ApplicationFilterChain.java:140)
	at org.apache.catalina.core.StandardWrapperValve.invoke(StandardWrapperValve.java:167)
	at org.apache.catalina.core.StandardContextValve.invoke(StandardContextValve.java:90)
	at org.apache.catalina.authenticator.AuthenticatorBase.invoke(AuthenticatorBase.java:482)
	at org.apache.catalina.core.StandardHostValve.invoke(StandardHostValve.java:115)
	at org.apache.catalina.valves.ErrorReportValve.invoke(ErrorReportValve.java:93)
	at org.apache.catalina.core.StandardEngineValve.invoke(StandardEngineValve.java:74)
	at org.apache.catalina.connector.CoyoteAdapter.service(CoyoteAdapter.java:344)
	at org.apache.coyote.http11.Http11Processor.service(Http11Processor.java:389)
	at org.apache.coyote.AbstractProcessorLight.process(AbstractProcessorLight.java:63)
	at org.apache.coyote.AbstractProtocol$ConnectionHandler.process(AbstractProtocol.java:896)
	at org.apache.tomcat.util.net.NioEndpoint$SocketProcessor.doRun(NioEndpoint.java:1741)
	at org.apache.tomcat.util.net.SocketProcessorBase.run(SocketProcessorBase.java:52)
	at org.apache.tomcat.util.threads.ThreadPoolExecutor.runWorker(ThreadPoolExecutor.java:1190)
	at org.apache.tomcat.util.threads.ThreadPoolExecutor$Worker.run(ThreadPoolExecutor.java:659)
	at org.apache.tomcat.util.threads.TaskThread$WrappingRunnable.run(TaskThread.java:63)
	at java.base/java.lang.Thread.run(Thread.java:840)
Caused by: java.lang.NumberFormatException: For input string: "list"
	at java.base/java.lang.NumberFormatException.forInputString(NumberFormatException.java:67)
	at java.base/java.lang.Long.parseLong(Long.java:711)
	at java.base/java.lang.Long.valueOf(Long.java:1163)
	at org.springframework.util.NumberUtils.parseNumber(NumberUtils.java:206)
	at org.springframework.beans.propertyeditors.CustomNumberEditor.setAsText(CustomNumberEditor.java:115)
	at org.springframework.beans.TypeConverterDelegate.doConvertTextValue(TypeConverterDelegate.java:439)
	at org.springframework.beans.TypeConverterDelegate.doConvertValue(TypeConverterDelegate.java:412)
	at org.springframework.beans.TypeConverterDelegate.convertIfNecessary(TypeConverterDelegate.java:161)
	at org.springframework.beans.TypeConverterSupport.convertIfNecessary(TypeConverterSupport.java:80)
	at org.springframework.beans.TypeConverterSupport.convertIfNecessary(TypeConverterSupport.java:53)
	at org.springframework.validation.DataBinder.convertIfNecessary(DataBinder.java:860)
	at org.springframework.web.method.annotation.AbstractNamedValueMethodArgumentResolver.convertIfNecessary(AbstractNamedValueMethodArgumentResolver.java:294)
	... 82 common frames omitted

2026-04-18 12:23:56.749 TRACE 1552 --- [nio-8888-exec-2] org.zalando.logbook.Logbook              : Outgoing Response: 921eab37abaf36f0
Duration: 27 ms
HTTP/1.1 200 OK
Content-Type: application/json
Date: Sat, 18 Apr 2026 04:23:56 GMT
Transfer-Encoding: chunked
Vary: Origin, Access-Control-Request-Method, Access-Control-Request-Headers

{"code":"B0001","message":"系统执行出错","data":null,"ok":false}
2026-04-18 12:23:56.772 TRACE 1552 --- [nio-8888-exec-3] org.zalando.logbook.Logbook              : Incoming Request: e445f132cedf5e2f
Remote: 0:0:0:0:0:0:0:1
POST http://localhost:8888/api/front/ai/search HTTP/1.1
content-length: 25
content-type: application/json
host: localhost:8888
user-agent: Mozilla/5.0 (Windows NT; Windows NT 10.0; zh-CN) WindowsPowerShell/5.1.26100.8115

{"keyword":"??","topK":5}
2026-04-18 12:23:56.778 TRACE 1552 --- [nio-8888-exec-3] org.zalando.logbook.Logbook              : Outgoing Response: e445f132cedf5e2f
Duration: 8 ms
HTTP/1.1 404 Not Found
Content-Length: 3
Content-Type: text/plain;charset=UTF-8
Date: Sat, 18 Apr 2026 04:23:56 GMT
Vary: Origin, Access-Control-Request-Method, Access-Control-Request-Headers

404
2026-04-18 12:23:56.791 TRACE 1552 --- [nio-8888-exec-4] org.zalando.logbook.Logbook              : Incoming Request: ff8d31c935f81f72
Remote: 0:0:0:0:0:0:0:1
GET http://localhost:8888/api/front/ai/similar?bookId=1&limit=5 HTTP/1.1
host: localhost:8888
user-agent: Mozilla/5.0 (Windows NT; Windows NT 10.0; zh-CN) WindowsPowerShell/5.1.26100.8115
2026-04-18 12:23:56.794 TRACE 1552 --- [nio-8888-exec-4] org.zalando.logbook.Logbook              : Outgoing Response: ff8d31c935f81f72
Duration: 3 ms
HTTP/1.1 404 Not Found
Content-Length: 3
Content-Type: text/plain;charset=UTF-8
Date: Sat, 18 Apr 2026 04:23:56 GMT
Vary: Origin, Access-Control-Request-Method, Access-Control-Request-Headers

404
2026-04-18 12:23:56.798 TRACE 1552 --- [nio-8888-exec-6] org.zalando.logbook.Logbook              : Incoming Request: 8f33700d9bb5a51e
Remote: 0:0:0:0:0:0:0:1
GET http://localhost:8888/api/author/ai/characters HTTP/1.1
host: localhost:8888
user-agent: Mozilla/5.0 (Windows NT; Windows NT 10.0; zh-CN) WindowsPowerShell/5.1.26100.8115
2026-04-18 12:23:56.800 TRACE 1552 --- [nio-8888-exec-6] org.zalando.logbook.Logbook              : Outgoing Response: 8f33700d9bb5a51e
Duration: 1 ms
HTTP/1.1 200 OK
Content-Type: application/json;charset=UTF-8
Date: Sat, 18 Apr 2026 04:23:56 GMT
Transfer-Encoding: chunked
Vary: Origin, Access-Control-Request-Method, Access-Control-Request-Headers

{"code":"A0230","message":"用户登录已过期","data":null,"ok":false}
2026-04-18 12:23:56.817 TRACE 1552 --- [nio-8888-exec-5] org.zalando.logbook.Logbook              : Incoming Request: 87d0c672c9c6e6f7
Remote: 0:0:0:0:0:0:0:1
GET http://localhost:8888/api/author/ai/sessions HTTP/1.1
host: localhost:8888
user-agent: Mozilla/5.0 (Windows NT; Windows NT 10.0; zh-CN) WindowsPowerShell/5.1.26100.8115
2026-04-18 12:23:56.818 TRACE 1552 --- [nio-8888-exec-5] org.zalando.logbook.Logbook              : Outgoing Response: 87d0c672c9c6e6f7
Duration: 1 ms
HTTP/1.1 200 OK
Content-Type: application/json;charset=UTF-8
Date: Sat, 18 Apr 2026 04:23:56 GMT
Transfer-Encoding: chunked
Vary: Origin, Access-Control-Request-Method, Access-Control-Request-Headers

{"code":"A0230","message":"用户登录已过期","data":null,"ok":false}
2026-04-18 12:23:56.841 TRACE 1552 --- [nio-8888-exec-7] org.zalando.logbook.Logbook              : Incoming Request: cc63729ef6682455
Remote: 0:0:0:0:0:0:0:1
POST http://localhost:8888/api/author/ai/chat/stream HTTP/1.1
content-type: application/json
host: localhost:8888
2026-04-18 12:23:56.843 TRACE 1552 --- [nio-8888-exec-7] org.zalando.logbook.Logbook              : Outgoing Response: cc63729ef6682455
Duration: 1 ms
HTTP/1.1 200 OK
Content-Type: application/json;charset=UTF-8
Date: Sat, 18 Apr 2026 04:23:56 GMT
Transfer-Encoding: chunked
Vary: Origin, Access-Control-Request-Method, Access-Control-Request-Headers

{"code":"A0230","message":"用户登录已过期","data":null,"ok":false}
2026-04-18 12:27:15.864 DEBUG 1552 --- [   scheduling-1] i.g.x.n.d.m.A.selectList                 : ==>  Preparing: SELECT id,word,category,level,is_enabled,create_time FROM audit_sensitive_word
2026-04-18 12:27:15.865 DEBUG 1552 --- [   scheduling-1] i.g.x.n.d.m.A.selectList                 : ==> Parameters: 
2026-04-18 12:27:15.867 DEBUG 1552 --- [   scheduling-1] i.g.x.n.d.m.A.selectList                 : <==      Total: 14
2026-04-18 12:27:15.868  INFO 1552 --- [   scheduling-1] i.g.x.n.core.audit.SensitiveWordFilter   : 敏感词库加载完成，共 14 个
2026-04-18 12:32:15.864 DEBUG 1552 --- [   scheduling-1] i.g.x.n.d.m.A.selectList                 : ==>  Preparing: SELECT id,word,category,level,is_enabled,create_time FROM audit_sensitive_word
2026-04-18 12:32:15.864 DEBUG 1552 --- [   scheduling-1] i.g.x.n.d.m.A.selectList                 : ==> Parameters: 
2026-04-18 12:32:15.866 DEBUG 1552 --- [   scheduling-1] i.g.x.n.d.m.A.selectList                 : <==      Total: 14
2026-04-18 12:32:15.867  INFO 1552 --- [   scheduling-1] i.g.x.n.core.audit.SensitiveWordFilter   : 敏感词库加载完成，共 14 个
2026-04-18 12:32:50.268 TRACE 1552 --- [nio-8888-exec-9] org.zalando.logbook.Logbook              : Incoming Request: ce6c037f07e38110
Remote: 0:0:0:0:0:0:0:1
POST http://localhost:8888/api/front/ai/search HTTP/1.1
connection: Keep-Alive
content-length: 18
content-type: application/json
expect: 100-continue
host: localhost:8888
user-agent: Mozilla/5.0 (Windows NT; Windows NT 10.0; zh-CN) WindowsPowerShell/5.1.26100.8115

{"keyword":"test"}
2026-04-18 12:32:50.273 TRACE 1552 --- [nio-8888-exec-9] org.zalando.logbook.Logbook              : Outgoing Response: ce6c037f07e38110
Duration: 5 ms
HTTP/1.1 404 Not Found
Connection: keep-alive
Content-Length: 3
Content-Type: text/plain;charset=UTF-8
Date: Sat, 18 Apr 2026 04:32:50 GMT
Keep-Alive: timeout=60
Vary: Origin, Access-Control-Request-Method, Access-Control-Request-Headers

404
