[INFO] Scanning for projects...
[INFO] 
[INFO] ----------------------< io.github.xxyopen:novel >-----------------------
[INFO] Building novel 3.5.1-SNAPSHOT
[INFO] --------------------------------[ jar ]---------------------------------
[INFO] 
[INFO] >>> spring-boot-maven-plugin:3.3.0:run (default-cli) > test-compile @ novel >>>
[INFO] 
[INFO] --- maven-resources-plugin:3.3.1:resources (default-resources) @ novel ---
[INFO] Copying 1 resource from src\main\resources to target\classes
[INFO] Copying 35 resources from src\main\resources to target\classes
[INFO] 
[INFO] --- maven-compiler-plugin:3.13.0:compile (default-compile) @ novel ---
[INFO] Nothing to compile - all classes are up to date.
[INFO] 
[INFO] --- maven-resources-plugin:3.3.1:testResources (default-testResources) @ novel ---
[INFO] Copying 7 resources from src\test\resources to target\test-classes
[INFO] 
[INFO] --- maven-compiler-plugin:3.13.0:testCompile (default-testCompile) @ novel ---
[INFO] Recompiling the module because of changed source code.
[INFO] Compiling 1 source file with javac [debug parameters release 17] to target\test-classes
[INFO] 
[INFO] <<< spring-boot-maven-plugin:3.3.0:run (default-cli) < test-compile @ novel <<<
[INFO] 
[INFO] 
[INFO] --- spring-boot-maven-plugin:3.3.0:run (default-cli) @ novel ---
[INFO] Attaching agents: []
14:25:03,508 |-INFO in ch.qos.logback.classic.LoggerContext[default] - This is logback-classic version 1.5.6
14:25:03,511 |-INFO in ch.qos.logback.classic.util.ContextInitializer@552518c3 - Here is a list of configurators discovered as a service, by rank: 
14:25:03,511 |-INFO in ch.qos.logback.classic.util.ContextInitializer@552518c3 -   org.springframework.boot.logging.logback.RootLogLevelConfigurator
14:25:03,511 |-INFO in ch.qos.logback.classic.util.ContextInitializer@552518c3 - They will be invoked in order until ExecutionStatus.DO_NOT_INVOKE_NEXT_IF_ANY is returned.
14:25:03,511 |-INFO in ch.qos.logback.classic.util.ContextInitializer@552518c3 - Constructed configurator of type class org.springframework.boot.logging.logback.RootLogLevelConfigurator
14:25:03,521 |-INFO in ch.qos.logback.classic.util.ContextInitializer@552518c3 - org.springframework.boot.logging.logback.RootLogLevelConfigurator.configure() call lasted 0 milliseconds. ExecutionStatus=INVOKE_NEXT_IF_ANY
14:25:03,521 |-INFO in ch.qos.logback.classic.util.ContextInitializer@552518c3 - Trying to configure with ch.qos.logback.classic.joran.SerializedModelConfigurator
14:25:03,522 |-INFO in ch.qos.logback.classic.util.ContextInitializer@552518c3 - Constructed configurator of type class ch.qos.logback.classic.joran.SerializedModelConfigurator
14:25:03,524 |-INFO in ch.qos.logback.classic.LoggerContext[default] - Could NOT find resource [logback-test.scmo]
14:25:03,525 |-INFO in ch.qos.logback.classic.LoggerContext[default] - Could NOT find resource [logback.scmo]
14:25:03,525 |-INFO in ch.qos.logback.classic.util.ContextInitializer@552518c3 - ch.qos.logback.classic.joran.SerializedModelConfigurator.configure() call lasted 3 milliseconds. ExecutionStatus=INVOKE_NEXT_IF_ANY
14:25:03,525 |-INFO in ch.qos.logback.classic.util.ContextInitializer@552518c3 - Trying to configure with ch.qos.logback.classic.util.DefaultJoranConfigurator
14:25:03,525 |-INFO in ch.qos.logback.classic.util.ContextInitializer@552518c3 - Constructed configurator of type class ch.qos.logback.classic.util.DefaultJoranConfigurator
14:25:03,526 |-INFO in ch.qos.logback.classic.LoggerContext[default] - Could NOT find resource [logback-test.xml]
14:25:03,526 |-INFO in ch.qos.logback.classic.LoggerContext[default] - Could NOT find resource [logback.xml]
14:25:03,526 |-INFO in ch.qos.logback.classic.util.ContextInitializer@552518c3 - ch.qos.logback.classic.util.DefaultJoranConfigurator.configure() call lasted 1 milliseconds. ExecutionStatus=INVOKE_NEXT_IF_ANY
14:25:03,526 |-INFO in ch.qos.logback.classic.util.ContextInitializer@552518c3 - Trying to configure with ch.qos.logback.classic.BasicConfigurator
14:25:03,527 |-INFO in ch.qos.logback.classic.util.ContextInitializer@552518c3 - Constructed configurator of type class ch.qos.logback.classic.BasicConfigurator
14:25:03,527 |-INFO in ch.qos.logback.classic.BasicConfigurator@1a69561c - Setting up default configuration.
14:25:03,543 |-INFO in ch.qos.logback.classic.util.ContextInitializer@552518c3 - ch.qos.logback.classic.BasicConfigurator.configure() call lasted 16 milliseconds. ExecutionStatus=NEUTRAL
14:25:03,961 |-INFO in ch.qos.logback.core.joran.action.ConversionRuleAction - registering conversion word clr with class [org.springframework.boot.logging.logback.ColorConverter]
14:25:03,961 |-INFO in ch.qos.logback.core.joran.action.ConversionRuleAction - registering conversion word wex with class [org.springframework.boot.logging.logback.WhitespaceThrowableProxyConverter]
14:25:03,961 |-INFO in ch.qos.logback.core.joran.action.ConversionRuleAction - registering conversion word wEx with class [org.springframework.boot.logging.logback.ExtendedWhitespaceThrowableProxyConverter]
14:25:03,993 |-INFO in ch.qos.logback.core.model.processor.AppenderModelHandler - Processing appender named [STDOUT]
14:25:03,993 |-INFO in ch.qos.logback.core.model.processor.AppenderModelHandler - About to instantiate appender of type [ch.qos.logback.core.ConsoleAppender]
14:25:03,997 |-INFO in ch.qos.logback.core.model.processor.ImplicitModelHandler - Assuming default type [ch.qos.logback.classic.encoder.PatternLayoutEncoder] for [encoder] property
14:25:04,012 |-INFO in ch.qos.logback.core.model.processor.AppenderModelHandler - Processing appender named [FILE]
14:25:04,012 |-INFO in ch.qos.logback.core.model.processor.AppenderModelHandler - About to instantiate appender of type [ch.qos.logback.core.rolling.RollingFileAppender]
14:25:04,020 |-INFO in c.q.l.core.rolling.TimeBasedRollingPolicy@1504321715 - No compression will be used
14:25:04,020 |-INFO in c.q.l.core.rolling.TimeBasedRollingPolicy@1504321715 - Will use the pattern logs/debug.%d.%i.log for the active file
14:25:04,031 |-INFO in ch.qos.logback.core.rolling.SizeAndTimeBasedFNATP@363f6148 - The date pattern is 'yyyy-MM-dd' from file name pattern 'logs/debug.%d.%i.log'.
14:25:04,031 |-INFO in ch.qos.logback.core.rolling.SizeAndTimeBasedFNATP@363f6148 - Roll-over at midnight.
14:25:04,036 |-INFO in ch.qos.logback.core.rolling.SizeAndTimeBasedFNATP@363f6148 - Setting initial period to 2026-04-18T06:24:59.650Z
14:25:04,036 |-WARN in ch.qos.logback.core.rolling.SizeAndTimeBasedFNATP@363f6148 - SizeAndTimeBasedFNATP is deprecated. Use SizeAndTimeBasedRollingPolicy instead
14:25:04,036 |-WARN in ch.qos.logback.core.rolling.SizeAndTimeBasedFNATP@363f6148 - For more information see http://logback.qos.ch/manual/appenders.html#SizeAndTimeBasedRollingPolicy
14:25:04,038 |-INFO in ch.qos.logback.core.model.processor.ImplicitModelHandler - Assuming default type [ch.qos.logback.classic.encoder.PatternLayoutEncoder] for [encoder] property
14:25:04,039 |-INFO in ch.qos.logback.core.rolling.RollingFileAppender[FILE] - Active log file name: logs/novel.log
14:25:04,039 |-INFO in ch.qos.logback.core.rolling.RollingFileAppender[FILE] - File property is set to [logs/novel.log]
14:25:04,040 |-INFO in ch.qos.logback.classic.model.processor.RootLoggerModelHandler - Setting level of ROOT logger to INFO
14:25:04,040 |-INFO in ch.qos.logback.classic.jul.LevelChangePropagator@4b21844c - Propagating INFO level on Logger[ROOT] onto the JUL framework
14:25:04,041 |-INFO in ch.qos.logback.core.model.processor.AppenderRefModelHandler - Attaching appender named [STDOUT] to Logger[ROOT]
14:25:04,041 |-INFO in ch.qos.logback.core.model.processor.AppenderRefModelHandler - Attaching appender named [FILE] to Logger[ROOT]
14:25:04,041 |-INFO in ch.qos.logback.classic.model.processor.LoggerModelHandler - Setting level of logger [io.github.xxyopen] to DEBUG
14:25:04,041 |-INFO in ch.qos.logback.classic.jul.LevelChangePropagator@4b21844c - Propagating DEBUG level on Logger[io.github.xxyopen] onto the JUL framework
14:25:04,042 |-INFO in ch.qos.logback.classic.model.processor.LoggerModelHandler - Setting additivity of logger [io.github.xxyopen] to false
14:25:04,042 |-INFO in ch.qos.logback.core.model.processor.AppenderRefModelHandler - Attaching appender named [STDOUT] to Logger[io.github.xxyopen]
14:25:04,042 |-INFO in ch.qos.logback.core.model.processor.AppenderRefModelHandler - Attaching appender named [FILE] to Logger[io.github.xxyopen]
14:25:04,042 |-INFO in ch.qos.logback.classic.model.processor.LoggerModelHandler - Setting level of logger [org.zalando.logbook] to TRACE
14:25:04,042 |-INFO in ch.qos.logback.classic.jul.LevelChangePropagator@4b21844c - Propagating TRACE level on Logger[org.zalando.logbook] onto the JUL framework
14:25:04,042 |-INFO in ch.qos.logback.classic.model.processor.LoggerModelHandler - Setting additivity of logger [org.zalando.logbook] to false
14:25:04,042 |-INFO in ch.qos.logback.core.model.processor.AppenderRefModelHandler - Attaching appender named [STDOUT] to Logger[org.zalando.logbook]
14:25:04,042 |-INFO in ch.qos.logback.core.model.processor.AppenderRefModelHandler - Attaching appender named [FILE] to Logger[org.zalando.logbook]
14:25:04,042 |-INFO in ch.qos.logback.core.model.processor.DefaultProcessor@1b28f282 - End of configuration.
14:25:04,043 |-INFO in org.springframework.boot.logging.logback.SpringBootJoranConfigurator@138fe6ec - Registering current configuration as safe fallback point

  .   ____          _            __ _ _
 /\\ / ___'_ __ _ _(_)_ __  __ _ \ \ \ \
( ( )\___ | '_ | '_| | '_ \/ _` | \ \ \ \
 \\/  ___)| |_)| | | | | || (_| |  ) ) ) )
  '  |____| .__|_| |_|_| |_\__, | / / / /
 =========|_|==============|___/=/_/_/_/

 :: Spring Boot ::                (v3.3.0)

2026-04-18 14:25:04.067  INFO 126400 --- [kground-preinit] o.h.validator.internal.util.Version      : HV000001: Hibernate Validator 8.0.1.Final
2026-04-18 14:25:04.112  INFO 126400 --- [           main] i.github.xxyopen.novel.NovelApplication  : Starting NovelApplication using Java 17.0.16 with PID 126400 (C:\Users\wcc\Project\noval_kimi\target\classes started by wcc in C:\Users\wcc\Project\noval_kimi)
2026-04-18 14:25:04.113 DEBUG 126400 --- [           main] i.github.xxyopen.novel.NovelApplication  : Running with Spring Boot v3.3.0, Spring v6.1.8
2026-04-18 14:25:04.114  INFO 126400 --- [           main] i.github.xxyopen.novel.NovelApplication  : The following 1 profile is active: "dev"
2026-04-18 14:25:05.639  INFO 126400 --- [           main] .s.d.r.c.RepositoryConfigurationDelegate : Multiple Spring Data modules found, entering strict repository configuration mode
2026-04-18 14:25:05.642  INFO 126400 --- [           main] .s.d.r.c.RepositoryConfigurationDelegate : Bootstrapping Spring Data Elasticsearch repositories in DEFAULT mode.
2026-04-18 14:25:05.669  INFO 126400 --- [           main] .s.d.r.c.RepositoryConfigurationDelegate : Finished Spring Data repository scanning in 23 ms. Found 0 Elasticsearch repository interfaces.
2026-04-18 14:25:05.673  INFO 126400 --- [           main] .s.d.r.c.RepositoryConfigurationDelegate : Multiple Spring Data modules found, entering strict repository configuration mode
2026-04-18 14:25:05.674  INFO 126400 --- [           main] .s.d.r.c.RepositoryConfigurationDelegate : Bootstrapping Spring Data Reactive Elasticsearch repositories in DEFAULT mode.
2026-04-18 14:25:05.679  INFO 126400 --- [           main] .s.d.r.c.RepositoryConfigurationDelegate : Finished Spring Data repository scanning in 4 ms. Found 0 Reactive Elasticsearch repository interfaces.
2026-04-18 14:25:05.692  INFO 126400 --- [           main] .s.d.r.c.RepositoryConfigurationDelegate : Multiple Spring Data modules found, entering strict repository configuration mode
2026-04-18 14:25:05.693  INFO 126400 --- [           main] .s.d.r.c.RepositoryConfigurationDelegate : Bootstrapping Spring Data Redis repositories in DEFAULT mode.
2026-04-18 14:25:05.710  INFO 126400 --- [           main] .s.d.r.c.RepositoryConfigurationDelegate : Finished Spring Data repository scanning in 5 ms. Found 0 Redis repository interfaces.
2026-04-18 14:25:07.345  INFO 126400 --- [           main] o.s.b.w.embedded.tomcat.TomcatWebServer  : Tomcat initialized with port 8888 (http)
2026-04-18 14:25:07.357  INFO 126400 --- [           main] o.a.coyote.http11.Http11NioProtocol      : Initializing ProtocolHandler ["http-nio-8888"]
2026-04-18 14:25:07.360  INFO 126400 --- [           main] o.apache.catalina.core.StandardService   : Starting service [Tomcat]
2026-04-18 14:25:07.360  INFO 126400 --- [           main] o.apache.catalina.core.StandardEngine    : Starting Servlet engine: [Apache Tomcat/10.1.24]
2026-04-18 14:25:07.454  INFO 126400 --- [           main] o.a.c.c.C.[Tomcat].[localhost].[/]       : Initializing Spring embedded WebApplicationContext
2026-04-18 14:25:07.455  INFO 126400 --- [           main] w.s.c.ServletWebServerApplicationContext : Root WebApplicationContext: initialization completed in 3147 ms
 _ _   |_  _ _|_. ___ _ |    _ 
| | |\/|_)(_| | |_\  |_)||_|_\ 
     /               |         
                        3.5.6 
2026-04-18 14:25:09.269  INFO 126400 --- [           main] i.g.x.n.core.config.VectorStoreConfig    : 初始化 Milvus 客户端: localhost:19530
2026-04-18 14:25:10.117  INFO 126400 --- [           main] i.g.x.n.core.config.VectorStoreConfig    : 初始化 Milvus VectorStore: collection=novel_chapters, metric=IP
2026-04-18 14:25:10.488  INFO 126400 --- [           main] org.redisson.Version                     : Redisson 3.19.1
2026-04-18 14:25:10.733  INFO 126400 --- [isson-netty-2-5] o.r.c.pool.MasterPubSubConnectionPool    : 1 connections initialized for 127.0.0.1/127.0.0.1:6379
2026-04-18 14:25:10.773  INFO 126400 --- [sson-netty-2-18] o.r.c.pool.MasterConnectionPool          : 24 connections initialized for 127.0.0.1/127.0.0.1:6379
2026-04-18 14:25:11.095  INFO 126400 --- [           main] com.zaxxer.hikari.HikariDataSource       : HikariPool-1 - Starting...
2026-04-18 14:25:11.326  INFO 126400 --- [           main] com.zaxxer.hikari.pool.HikariPool        : HikariPool-1 - Added connection com.mysql.cj.jdbc.ConnectionImpl@41e7b604
2026-04-18 14:25:11.328  INFO 126400 --- [           main] com.zaxxer.hikari.HikariDataSource       : HikariPool-1 - Start completed.
2026-04-18 14:25:11.335 DEBUG 126400 --- [           main] i.g.x.n.d.m.A.selectList                 : ==>  Preparing: SELECT id,word,category,level,is_enabled,create_time FROM audit_sensitive_word
2026-04-18 14:25:11.378 DEBUG 126400 --- [           main] i.g.x.n.d.m.A.selectList                 : ==> Parameters: 
2026-04-18 14:25:11.420 DEBUG 126400 --- [           main] i.g.x.n.d.m.A.selectList                 : <==      Total: 14
2026-04-18 14:25:11.426  INFO 126400 --- [           main] i.g.x.n.core.audit.SensitiveWordFilter   : 敏感词库加载完成，共 14 个
INFO: Sentinel log output type is: file
INFO: Sentinel log charset is: utf-8
INFO: Sentinel log base directory is: C:\Users\wcc\logs\csp\
INFO: Sentinel log name use pid is: false
INFO: Sentinel log level is: INFO
2026-04-18 14:25:11.820  INFO 126400 --- [           main] r$InitializeUserDetailsManagerConfigurer : Global AuthenticationManager configured with UserDetailsService bean with name inMemoryUserDetailsManager
2026-04-18 14:25:11.938  INFO 126400 --- [           main] o.s.s.web.DefaultSecurityFilterChain     : Will secure EndpointRequestMatcher includes=[*], excludes=[], includeLinks=true with [org.springframework.security.web.session.DisableEncodeUrlFilter@290caab7, org.springframework.security.web.context.request.async.WebAsyncManagerIntegrationFilter@63c3a3c2, org.springframework.security.web.context.SecurityContextHolderFilter@cada959, org.springframework.security.web.header.HeaderWriterFilter@571b3d3a, org.springframework.web.filter.CorsFilter@34ab398b, org.springframework.security.web.authentication.logout.LogoutFilter@126545e8, org.springframework.security.web.authentication.www.BasicAuthenticationFilter@4a052976, org.springframework.security.web.savedrequest.RequestCacheAwareFilter@325405ea, org.springframework.security.web.servletapi.SecurityContextHolderAwareRequestFilter@1a902bcc, org.springframework.security.web.authentication.AnonymousAuthenticationFilter@4bcc4e7d, org.springframework.security.web.access.ExceptionTranslationFilter@3fc45e5c, org.springframework.security.web.access.intercept.AuthorizationFilter@58bae789]
2026-04-18 14:25:13.587  INFO 126400 --- [           main] o.s.b.a.e.web.EndpointLinksResolver      : Exposing 15 endpoints beneath base path '/actuator'
2026-04-18 14:25:13.787  INFO 126400 --- [           main] o.a.coyote.http11.Http11NioProtocol      : Starting ProtocolHandler ["http-nio-8888"]
2026-04-18 14:25:13.794  WARN 126400 --- [           main] ConfigServletWebServerApplicationContext : Exception encountered during context initialization - cancelling refresh attempt: org.springframework.context.ApplicationContextException: Failed to start bean 'webServerStartStop'
2026-04-18 14:25:13.827  INFO 126400 --- [           main] com.zaxxer.hikari.HikariDataSource       : HikariPool-1 - Shutdown initiated...
2026-04-18 14:25:13.835  INFO 126400 --- [           main] com.zaxxer.hikari.HikariDataSource       : HikariPool-1 - Shutdown completed.
2026-04-18 14:25:13.849  INFO 126400 --- [           main] .s.b.a.l.ConditionEvaluationReportLogger : 

Error starting ApplicationContext. To display the condition evaluation report re-run your application with 'debug' enabled.
2026-04-18 14:25:13.865 ERROR 126400 --- [           main] o.s.b.d.LoggingFailureAnalysisReporter   : 

***************************
APPLICATION FAILED TO START
***************************

Description:

Web server failed to start. Port 8888 was already in use.

Action:

Identify and stop the process that's listening on port 8888 or configure this application to listen on another port.

[INFO] ------------------------------------------------------------------------
[INFO] BUILD FAILURE
[INFO] ------------------------------------------------------------------------
[INFO] Total time:  17.650 s
[INFO] Finished at: 2026-04-18T14:25:15+08:00
[INFO] ------------------------------------------------------------------------
[ERROR] Failed to execute goal org.springframework.boot:spring-boot-maven-plugin:3.3.0:run (default-cli) on project novel: Process terminated with exit code: 1 -> [Help 1]
[ERROR] 
[ERROR] To see the full stack trace of the errors, re-run Maven with the -e switch.
[ERROR] Re-run Maven using the -X switch to enable full debug logging.
[ERROR] 
[ERROR] For more information about the errors and possible solutions, please read the following articles:
[ERROR] [Help 1] http://cwiki.apache.org/confluence/display/MAVEN/MojoExecutionException
