[INFO] Scanning for projects...
[INFO] 
[INFO] ----------------------< io.github.xxyopen:novel >-----------------------
[INFO] Building novel 3.5.1-SNAPSHOT
[INFO] --------------------------------[ jar ]---------------------------------
[INFO] 
[INFO] >>> spring-boot-maven-plugin:3.3.0:run (default-cli) > test-compile @ novel >>>
[INFO] 
[INFO] --- maven-resources-plugin:3.3.1:resources (default-resources) @ novel ---
[INFO] Copying 1 resource from src\main\resources to target\classes
[INFO] Copying 35 resources from src\main\resources to target\classes
[INFO] 
[INFO] --- maven-compiler-plugin:3.13.0:compile (default-compile) @ novel ---
[INFO] Nothing to compile - all classes are up to date.
[INFO] 
[INFO] --- maven-resources-plugin:3.3.1:testResources (default-testResources) @ novel ---
[INFO] Copying 7 resources from src\test\resources to target\test-classes
[INFO] 
[INFO] --- maven-compiler-plugin:3.13.0:testCompile (default-testCompile) @ novel ---
[INFO] Recompiling the module because of changed source code.
[INFO] Compiling 1 source file with javac [debug parameters release 17] to target\test-classes
[INFO] 
[INFO] <<< spring-boot-maven-plugin:3.3.0:run (default-cli) < test-compile @ novel <<<
[INFO] 
[INFO] 
[INFO] --- spring-boot-maven-plugin:3.3.0:run (default-cli) @ novel ---
[INFO] Attaching agents: []
12:41:41,501 |-INFO in ch.qos.logback.classic.LoggerContext[default] - This is logback-classic version 1.5.6
12:41:41,506 |-INFO in ch.qos.logback.classic.util.ContextInitializer@552518c3 - Here is a list of configurators discovered as a service, by rank: 
12:41:41,506 |-INFO in ch.qos.logback.classic.util.ContextInitializer@552518c3 -   org.springframework.boot.logging.logback.RootLogLevelConfigurator
12:41:41,506 |-INFO in ch.qos.logback.classic.util.ContextInitializer@552518c3 - They will be invoked in order until ExecutionStatus.DO_NOT_INVOKE_NEXT_IF_ANY is returned.
12:41:41,506 |-INFO in ch.qos.logback.classic.util.ContextInitializer@552518c3 - Constructed configurator of type class org.springframework.boot.logging.logback.RootLogLevelConfigurator
12:41:41,516 |-INFO in ch.qos.logback.classic.util.ContextInitializer@552518c3 - org.springframework.boot.logging.logback.RootLogLevelConfigurator.configure() call lasted 1 milliseconds. ExecutionStatus=INVOKE_NEXT_IF_ANY
12:41:41,516 |-INFO in ch.qos.logback.classic.util.ContextInitializer@552518c3 - Trying to configure with ch.qos.logback.classic.joran.SerializedModelConfigurator
12:41:41,518 |-INFO in ch.qos.logback.classic.util.ContextInitializer@552518c3 - Constructed configurator of type class ch.qos.logback.classic.joran.SerializedModelConfigurator
12:41:41,522 |-INFO in ch.qos.logback.classic.LoggerContext[default] - Could NOT find resource [logback-test.scmo]
12:41:41,523 |-INFO in ch.qos.logback.classic.LoggerContext[default] - Could NOT find resource [logback.scmo]
12:41:41,523 |-INFO in ch.qos.logback.classic.util.ContextInitializer@552518c3 - ch.qos.logback.classic.joran.SerializedModelConfigurator.configure() call lasted 5 milliseconds. ExecutionStatus=INVOKE_NEXT_IF_ANY
12:41:41,523 |-INFO in ch.qos.logback.classic.util.ContextInitializer@552518c3 - Trying to configure with ch.qos.logback.classic.util.DefaultJoranConfigurator
12:41:41,524 |-INFO in ch.qos.logback.classic.util.ContextInitializer@552518c3 - Constructed configurator of type class ch.qos.logback.classic.util.DefaultJoranConfigurator
12:41:41,525 |-INFO in ch.qos.logback.classic.LoggerContext[default] - Could NOT find resource [logback-test.xml]
12:41:41,525 |-INFO in ch.qos.logback.classic.LoggerContext[default] - Could NOT find resource [logback.xml]
12:41:41,525 |-INFO in ch.qos.logback.classic.util.ContextInitializer@552518c3 - ch.qos.logback.classic.util.DefaultJoranConfigurator.configure() call lasted 1 milliseconds. ExecutionStatus=INVOKE_NEXT_IF_ANY
12:41:41,525 |-INFO in ch.qos.logback.classic.util.ContextInitializer@552518c3 - Trying to configure with ch.qos.logback.classic.BasicConfigurator
12:41:41,526 |-INFO in ch.qos.logback.classic.util.ContextInitializer@552518c3 - Constructed configurator of type class ch.qos.logback.classic.BasicConfigurator
12:41:41,526 |-INFO in ch.qos.logback.classic.BasicConfigurator@1a69561c - Setting up default configuration.
12:41:41,544 |-INFO in ch.qos.logback.classic.util.ContextInitializer@552518c3 - ch.qos.logback.classic.BasicConfigurator.configure() call lasted 18 milliseconds. ExecutionStatus=NEUTRAL
12:41:42,143 |-INFO in ch.qos.logback.core.joran.action.ConversionRuleAction - registering conversion word clr with class [org.springframework.boot.logging.logback.ColorConverter]
12:41:42,143 |-INFO in ch.qos.logback.core.joran.action.ConversionRuleAction - registering conversion word wex with class [org.springframework.boot.logging.logback.WhitespaceThrowableProxyConverter]
12:41:42,143 |-INFO in ch.qos.logback.core.joran.action.ConversionRuleAction - registering conversion word wEx with class [org.springframework.boot.logging.logback.ExtendedWhitespaceThrowableProxyConverter]
12:41:42,185 |-INFO in ch.qos.logback.core.model.processor.AppenderModelHandler - Processing appender named [STDOUT]
12:41:42,185 |-INFO in ch.qos.logback.core.model.processor.AppenderModelHandler - About to instantiate appender of type [ch.qos.logback.core.ConsoleAppender]
12:41:42,189 |-INFO in ch.qos.logback.core.model.processor.ImplicitModelHandler - Assuming default type [ch.qos.logback.classic.encoder.PatternLayoutEncoder] for [encoder] property
12:41:42,205 |-INFO in ch.qos.logback.core.model.processor.AppenderModelHandler - Processing appender named [FILE]
12:41:42,205 |-INFO in ch.qos.logback.core.model.processor.AppenderModelHandler - About to instantiate appender of type [ch.qos.logback.core.rolling.RollingFileAppender]
12:41:42,212 |-INFO in c.q.l.core.rolling.TimeBasedRollingPolicy@1504321715 - No compression will be used
12:41:42,213 |-INFO in c.q.l.core.rolling.TimeBasedRollingPolicy@1504321715 - Will use the pattern logs/debug.%d.%i.log for the active file
12:41:42,224 |-INFO in ch.qos.logback.core.rolling.SizeAndTimeBasedFNATP@363f6148 - The date pattern is 'yyyy-MM-dd' from file name pattern 'logs/debug.%d.%i.log'.
12:41:42,224 |-INFO in ch.qos.logback.core.rolling.SizeAndTimeBasedFNATP@363f6148 - Roll-over at midnight.
12:41:42,229 |-INFO in ch.qos.logback.core.rolling.SizeAndTimeBasedFNATP@363f6148 - Setting initial period to 2026-04-18T04:32:50.274Z
12:41:42,229 |-WARN in ch.qos.logback.core.rolling.SizeAndTimeBasedFNATP@363f6148 - SizeAndTimeBasedFNATP is deprecated. Use SizeAndTimeBasedRollingPolicy instead
12:41:42,229 |-WARN in ch.qos.logback.core.rolling.SizeAndTimeBasedFNATP@363f6148 - For more information see http://logback.qos.ch/manual/appenders.html#SizeAndTimeBasedRollingPolicy
12:41:42,231 |-INFO in ch.qos.logback.core.model.processor.ImplicitModelHandler - Assuming default type [ch.qos.logback.classic.encoder.PatternLayoutEncoder] for [encoder] property
12:41:42,232 |-INFO in ch.qos.logback.core.rolling.RollingFileAppender[FILE] - Active log file name: logs/novel.log
12:41:42,233 |-INFO in ch.qos.logback.core.rolling.RollingFileAppender[FILE] - File property is set to [logs/novel.log]
12:41:42,233 |-INFO in ch.qos.logback.classic.model.processor.RootLoggerModelHandler - Setting level of ROOT logger to INFO
12:41:42,233 |-INFO in ch.qos.logback.classic.jul.LevelChangePropagator@4b21844c - Propagating INFO level on Logger[ROOT] onto the JUL framework
12:41:42,234 |-INFO in ch.qos.logback.core.model.processor.AppenderRefModelHandler - Attaching appender named [STDOUT] to Logger[ROOT]
12:41:42,234 |-INFO in ch.qos.logback.core.model.processor.AppenderRefModelHandler - Attaching appender named [FILE] to Logger[ROOT]
12:41:42,234 |-INFO in ch.qos.logback.classic.model.processor.LoggerModelHandler - Setting level of logger [io.github.xxyopen] to DEBUG
12:41:42,234 |-INFO in ch.qos.logback.classic.jul.LevelChangePropagator@4b21844c - Propagating DEBUG level on Logger[io.github.xxyopen] onto the JUL framework
12:41:42,235 |-INFO in ch.qos.logback.classic.model.processor.LoggerModelHandler - Setting additivity of logger [io.github.xxyopen] to false
12:41:42,235 |-INFO in ch.qos.logback.core.model.processor.AppenderRefModelHandler - Attaching appender named [STDOUT] to Logger[io.github.xxyopen]
12:41:42,235 |-INFO in ch.qos.logback.core.model.processor.AppenderRefModelHandler - Attaching appender named [FILE] to Logger[io.github.xxyopen]
12:41:42,235 |-INFO in ch.qos.logback.classic.model.processor.LoggerModelHandler - Setting level of logger [org.zalando.logbook] to TRACE
12:41:42,235 |-INFO in ch.qos.logback.classic.jul.LevelChangePropagator@4b21844c - Propagating TRACE level on Logger[org.zalando.logbook] onto the JUL framework
12:41:42,235 |-INFO in ch.qos.logback.classic.model.processor.LoggerModelHandler - Setting additivity of logger [org.zalando.logbook] to false
12:41:42,235 |-INFO in ch.qos.logback.core.model.processor.AppenderRefModelHandler - Attaching appender named [STDOUT] to Logger[org.zalando.logbook]
12:41:42,235 |-INFO in ch.qos.logback.core.model.processor.AppenderRefModelHandler - Attaching appender named [FILE] to Logger[org.zalando.logbook]
12:41:42,235 |-INFO in ch.qos.logback.core.model.processor.DefaultProcessor@1b28f282 - End of configuration.
12:41:42,235 |-INFO in org.springframework.boot.logging.logback.SpringBootJoranConfigurator@138fe6ec - Registering current configuration as safe fallback point

  .   ____          _            __ _ _
 /\\ / ___'_ __ _ _(_)_ __  __ _ \ \ \ \
( ( )\___ | '_ | '_| | '_ \/ _` | \ \ \ \
 \\/  ___)| |_)| | | | | || (_| |  ) ) ) )
  '  |____| .__|_| |_|_| |_\__, | / / / /
 =========|_|==============|___/=/_/_/_/

 :: Spring Boot ::                (v3.3.0)

2026-04-18 12:41:42.266  INFO 61860 --- [kground-preinit] o.h.validator.internal.util.Version      : HV000001: Hibernate Validator 8.0.1.Final
2026-04-18 12:41:42.323  INFO 61860 --- [           main] i.github.xxyopen.novel.NovelApplication  : Starting NovelApplication using Java 17.0.16 with PID 61860 (C:\Users\wcc\Project\noval_kimi\target\classes started by wcc in C:\Users\wcc\Project\noval_kimi)
2026-04-18 12:41:42.324 DEBUG 61860 --- [           main] i.github.xxyopen.novel.NovelApplication  : Running with Spring Boot v3.3.0, Spring v6.1.8
2026-04-18 12:41:42.325  INFO 61860 --- [           main] i.github.xxyopen.novel.NovelApplication  : The following 1 profile is active: "dev"
2026-04-18 12:41:44.190  INFO 61860 --- [           main] .s.d.r.c.RepositoryConfigurationDelegate : Multiple Spring Data modules found, entering strict repository configuration mode
2026-04-18 12:41:44.193  INFO 61860 --- [           main] .s.d.r.c.RepositoryConfigurationDelegate : Bootstrapping Spring Data Elasticsearch repositories in DEFAULT mode.
2026-04-18 12:41:44.222  INFO 61860 --- [           main] .s.d.r.c.RepositoryConfigurationDelegate : Finished Spring Data repository scanning in 24 ms. Found 0 Elasticsearch repository interfaces.
2026-04-18 12:41:44.226  INFO 61860 --- [           main] .s.d.r.c.RepositoryConfigurationDelegate : Multiple Spring Data modules found, entering strict repository configuration mode
2026-04-18 12:41:44.227  INFO 61860 --- [           main] .s.d.r.c.RepositoryConfigurationDelegate : Bootstrapping Spring Data Reactive Elasticsearch repositories in DEFAULT mode.
2026-04-18 12:41:44.233  INFO 61860 --- [           main] .s.d.r.c.RepositoryConfigurationDelegate : Finished Spring Data repository scanning in 6 ms. Found 0 Reactive Elasticsearch repository interfaces.
2026-04-18 12:41:44.244  INFO 61860 --- [           main] .s.d.r.c.RepositoryConfigurationDelegate : Multiple Spring Data modules found, entering strict repository configuration mode
2026-04-18 12:41:44.245  INFO 61860 --- [           main] .s.d.r.c.RepositoryConfigurationDelegate : Bootstrapping Spring Data Redis repositories in DEFAULT mode.
2026-04-18 12:41:44.261  INFO 61860 --- [           main] .s.d.r.c.RepositoryConfigurationDelegate : Finished Spring Data repository scanning in 6 ms. Found 0 Redis repository interfaces.
2026-04-18 12:41:45.774  INFO 61860 --- [           main] o.s.b.w.embedded.tomcat.TomcatWebServer  : Tomcat initialized with port 8888 (http)
2026-04-18 12:41:45.788  INFO 61860 --- [           main] o.a.coyote.http11.Http11NioProtocol      : Initializing ProtocolHandler ["http-nio-8888"]
2026-04-18 12:41:45.790  INFO 61860 --- [           main] o.apache.catalina.core.StandardService   : Starting service [Tomcat]
2026-04-18 12:41:45.790  INFO 61860 --- [           main] o.apache.catalina.core.StandardEngine    : Starting Servlet engine: [Apache Tomcat/10.1.24]
2026-04-18 12:41:45.899  INFO 61860 --- [           main] o.a.c.c.C.[Tomcat].[localhost].[/]       : Initializing Spring embedded WebApplicationContext
2026-04-18 12:41:45.900  INFO 61860 --- [           main] w.s.c.ServletWebServerApplicationContext : Root WebApplicationContext: initialization completed in 3354 ms
 _ _   |_  _ _|_. ___ _ |    _ 
| | |\/|_)(_| | |_\  |_)||_|_\ 
     /               |         
                        3.5.6 
2026-04-18 12:41:48.451  INFO 61860 --- [           main] org.redisson.Version                     : Redisson 3.19.1
2026-04-18 12:41:48.745  INFO 61860 --- [isson-netty-2-6] o.r.c.pool.MasterPubSubConnectionPool    : 1 connections initialized for 127.0.0.1/127.0.0.1:6379
2026-04-18 12:41:48.782  INFO 61860 --- [sson-netty-2-19] o.r.c.pool.MasterConnectionPool          : 24 connections initialized for 127.0.0.1/127.0.0.1:6379
2026-04-18 12:41:49.048  INFO 61860 --- [           main] com.zaxxer.hikari.HikariDataSource       : HikariPool-1 - Starting...
2026-04-18 12:41:49.286  INFO 61860 --- [           main] com.zaxxer.hikari.pool.HikariPool        : HikariPool-1 - Added connection com.mysql.cj.jdbc.ConnectionImpl@1bc6a43c
2026-04-18 12:41:49.288  INFO 61860 --- [           main] com.zaxxer.hikari.HikariDataSource       : HikariPool-1 - Start completed.
2026-04-18 12:41:49.295 DEBUG 61860 --- [           main] i.g.x.n.d.m.A.selectList                 : ==>  Preparing: SELECT id,word,category,level,is_enabled,create_time FROM audit_sensitive_word
2026-04-18 12:41:49.336 DEBUG 61860 --- [           main] i.g.x.n.d.m.A.selectList                 : ==> Parameters: 
2026-04-18 12:41:49.389 DEBUG 61860 --- [           main] i.g.x.n.d.m.A.selectList                 : <==      Total: 14
2026-04-18 12:41:49.394  INFO 61860 --- [           main] i.g.x.n.core.audit.SensitiveWordFilter   : 敏感词库加载完成，共 14 个
INFO: Sentinel log output type is: file
INFO: Sentinel log charset is: utf-8
INFO: Sentinel log base directory is: C:\Users\wcc\logs\csp\
INFO: Sentinel log name use pid is: false
INFO: Sentinel log level is: INFO
2026-04-18 12:41:49.798  INFO 61860 --- [           main] r$InitializeUserDetailsManagerConfigurer : Global AuthenticationManager configured with UserDetailsService bean with name inMemoryUserDetailsManager
2026-04-18 12:41:49.945  INFO 61860 --- [           main] o.s.s.web.DefaultSecurityFilterChain     : Will secure EndpointRequestMatcher includes=[*], excludes=[], includeLinks=true with [org.springframework.security.web.session.DisableEncodeUrlFilter@4dbcc8ce, org.springframework.security.web.context.request.async.WebAsyncManagerIntegrationFilter@60a98fa6, org.springframework.security.web.context.SecurityContextHolderFilter@4d19ddeb, org.springframework.security.web.header.HeaderWriterFilter@a555005, org.springframework.web.filter.CorsFilter@ad585fb, org.springframework.security.web.authentication.logout.LogoutFilter@bb0dcb6, org.springframework.security.web.authentication.www.BasicAuthenticationFilter@2dc4b58a, org.springframework.security.web.savedrequest.RequestCacheAwareFilter@2416378c, org.springframework.security.web.servletapi.SecurityContextHolderAwareRequestFilter@73e4ecb, org.springframework.security.web.authentication.AnonymousAuthenticationFilter@3af4b14e, org.springframework.security.web.access.ExceptionTranslationFilter@4de5d46c, org.springframework.security.web.access.intercept.AuthorizationFilter@78571a17]
2026-04-18 12:41:51.752  INFO 61860 --- [           main] o.s.b.a.e.web.EndpointLinksResolver      : Exposing 15 endpoints beneath base path '/actuator'
2026-04-18 12:41:51.949  INFO 61860 --- [           main] o.a.coyote.http11.Http11NioProtocol      : Starting ProtocolHandler ["http-nio-8888"]
2026-04-18 12:41:51.957  INFO 61860 --- [           main] o.s.b.w.embedded.tomcat.TomcatWebServer  : Tomcat started on port 8888 (http) with context path '/'
2026-04-18 12:41:51.975  INFO 61860 --- [           main] i.github.xxyopen.novel.NovelApplication  : Started NovelApplication in 10.276 seconds (process running for 10.804)
2026-04-18 12:41:51.984 DEBUG 61860 --- [   scheduling-1] i.g.x.n.d.m.A.selectList                 : ==>  Preparing: SELECT id,word,category,level,is_enabled,create_time FROM audit_sensitive_word
2026-04-18 12:41:51.984 DEBUG 61860 --- [   scheduling-1] i.g.x.n.d.m.A.selectList                 : ==> Parameters: 
2026-04-18 12:41:51.989 DEBUG 61860 --- [   scheduling-1] i.g.x.n.d.m.A.selectList                 : <==      Total: 14
2026-04-18 12:41:51.990  INFO 61860 --- [   scheduling-1] i.g.x.n.core.audit.SensitiveWordFilter   : 敏感词库加载完成，共 14 个
2026-04-18 12:41:52.025  INFO 61860 --- [           main] i.github.xxyopen.novel.NovelApplication  : 加载了如下缓存管理器：
2026-04-18 12:41:52.025  INFO 61860 --- [           main] i.github.xxyopen.novel.NovelApplication  : caffeineCacheManager:org.springframework.cache.support.SimpleCacheManager
2026-04-18 12:41:52.025  INFO 61860 --- [           main] i.github.xxyopen.novel.NovelApplication  : 缓存：[homeBookCache, latestNewsCache, bookNewestRankCache, bookUpdateRankCache, bookCategoryListCache, bookInfoCache, bookChapterCache, lastUpdateBookIdListCache]
2026-04-18 12:41:52.026  INFO 61860 --- [           main] i.github.xxyopen.novel.NovelApplication  : redisCacheManager:org.springframework.data.redis.cache.RedisCacheManager
2026-04-18 12:41:52.026  INFO 61860 --- [           main] i.github.xxyopen.novel.NovelApplication  : 缓存：[bookVisitRankCache, homeFriendLinkCache, bookContentCache, userInfoCache, authorInfoCache]
2026-04-18 12:41:52.026  INFO 61860 --- [           main] i.github.xxyopen.novel.NovelApplication  : 创建连接池...
2026-04-18 12:41:52.026  INFO 61860 --- [           main] i.github.xxyopen.novel.NovelApplication  : 最小空闲连接数：10
2026-04-18 12:41:52.026  INFO 61860 --- [           main] i.github.xxyopen.novel.NovelApplication  : 最大连接数：10
2026-04-18 12:41:52.026  INFO 61860 --- [           main] i.github.xxyopen.novel.NovelApplication  : 创建连接池完成.
2026-04-18 12:41:52.026  INFO 61860 --- [           main] i.github.xxyopen.novel.NovelApplication  : 数据库：MySQL
2026-04-18 12:41:52.027  INFO 61860 --- [           main] i.github.xxyopen.novel.NovelApplication  : 数据库版本：8.4.7
2026-04-18 12:46:20.091  INFO 61860 --- [nio-8888-exec-1] o.a.c.c.C.[Tomcat].[localhost].[/]       : Initializing Spring DispatcherServlet 'dispatcherServlet'
2026-04-18 12:46:20.092  INFO 61860 --- [nio-8888-exec-1] o.s.web.servlet.DispatcherServlet        : Initializing Servlet 'dispatcherServlet'
2026-04-18 12:46:20.095  INFO 61860 --- [nio-8888-exec-1] o.s.web.servlet.DispatcherServlet        : Completed initialization in 3 ms
2026-04-18 12:46:20.139 TRACE 61860 --- [nio-8888-exec-1] org.zalando.logbook.Logbook              : Incoming Request: cccac309b56b82eb
Remote: 0:0:0:0:0:0:0:1
GET http://localhost:8888/api/front/home/books HTTP/1.1
connection: Keep-Alive
host: localhost:8888
user-agent: Mozilla/5.0 (Windows NT; Windows NT 10.0; zh-CN) WindowsPowerShell/5.1.26100.8115
2026-04-18 12:46:20.211 DEBUG 61860 --- [nio-8888-exec-1] i.g.x.n.controller.front.HomeController  : 处理请求的线程：Thread[http-nio-8888-exec-1,5,main]
2026-04-18 12:46:20.234 DEBUG 61860 --- [nio-8888-exec-1] i.g.x.n.d.m.HomeBookMapper.selectList    : ==>  Preparing: SELECT id,type,sort,book_id,create_time,update_time FROM home_book ORDER BY sort ASC
2026-04-18 12:46:20.235 DEBUG 61860 --- [nio-8888-exec-1] i.g.x.n.d.m.HomeBookMapper.selectList    : ==> Parameters: 
2026-04-18 12:46:20.240 DEBUG 61860 --- [nio-8888-exec-1] i.g.x.n.d.m.HomeBookMapper.selectList    : <==      Total: 0
2026-04-18 12:46:20.302 TRACE 61860 --- [nio-8888-exec-1] org.zalando.logbook.Logbook              : Outgoing Response: cccac309b56b82eb
Duration: 163 ms
HTTP/1.1 200 OK
Connection: keep-alive
Content-Type: application/json
Date: Sat, 18 Apr 2026 04:46:20 GMT
Keep-Alive: timeout=60
Transfer-Encoding: chunked
Vary: Origin, Access-Control-Request-Method, Access-Control-Request-Headers

{"code":"00000","message":"一切 ok","data":[],"ok":true}
2026-04-18 12:46:20.404 TRACE 61860 --- [nio-8888-exec-2] org.zalando.logbook.Logbook              : Incoming Request: 8e75a914a795cc8f
Remote: 0:0:0:0:0:0:0:1
POST http://localhost:8888/api/front/ai/search HTTP/1.1
content-length: 23
content-type: application/json
host: localhost:8888
user-agent: Mozilla/5.0 (Windows NT; Windows NT 10.0; zh-CN) WindowsPowerShell/5.1.26100.8115

{"query":"??","topK":5}
2026-04-18 12:46:20.440  WARN 61860 --- [nio-8888-exec-2] i.g.x.n.s.impl.AiSearchServiceImpl       : [AI搜索降级] Milvus向量数据库未启用，使用数据库关键字搜索: query=??
2026-04-18 12:46:20.449 DEBUG 61860 --- [nio-8888-exec-2] i.g.x.n.d.m.BookInfoMapper.selectList    : ==>  Preparing: SELECT id,work_direction,category_id,category_name,pic_url,book_name,author_id,author_name,book_desc,score,book_status,visit_count,word_count,comment_count,last_chapter_id,last_chapter_name,last_chapter_update_time,is_vip,create_time,update_time FROM book_info WHERE (book_name LIKE ? OR book_desc LIKE ? OR author_name LIKE ?) ORDER BY visit_count DESC LIMIT 5
2026-04-18 12:46:20.450 DEBUG 61860 --- [nio-8888-exec-2] i.g.x.n.d.m.BookInfoMapper.selectList    : ==> Parameters: %??%(String), %??%(String), %??%(String)
2026-04-18 12:46:20.462 DEBUG 61860 --- [nio-8888-exec-2] i.g.x.n.d.m.BookInfoMapper.selectList    : <==      Total: 0
2026-04-18 12:46:20.466 TRACE 61860 --- [nio-8888-exec-2] org.zalando.logbook.Logbook              : Outgoing Response: 8e75a914a795cc8f
Duration: 63 ms
HTTP/1.1 200 OK
Content-Type: application/json
Date: Sat, 18 Apr 2026 04:46:20 GMT
Transfer-Encoding: chunked
Vary: Origin, Access-Control-Request-Method, Access-Control-Request-Headers

{"code":"00000","message":"一切 ok","data":[],"ok":true}
2026-04-18 12:46:20.486 TRACE 61860 --- [nio-8888-exec-3] org.zalando.logbook.Logbook              : Incoming Request: a4e34dbcf540cec7
Remote: 0:0:0:0:0:0:0:1
GET http://localhost:8888/api/front/ai/similar/1?topK=5 HTTP/1.1
host: localhost:8888
user-agent: Mozilla/5.0 (Windows NT; Windows NT 10.0; zh-CN) WindowsPowerShell/5.1.26100.8115
2026-04-18 12:46:20.492  WARN 61860 --- [nio-8888-exec-3] i.g.x.n.s.impl.AiSearchServiceImpl       : [相似推荐降级] Milvus向量数据库未启用，返回空列表
2026-04-18 12:46:20.493 TRACE 61860 --- [nio-8888-exec-3] org.zalando.logbook.Logbook              : Outgoing Response: a4e34dbcf540cec7
Duration: 6 ms
HTTP/1.1 200 OK
Content-Type: application/json
Date: Sat, 18 Apr 2026 04:46:20 GMT
Transfer-Encoding: chunked
Vary: Origin, Access-Control-Request-Method, Access-Control-Request-Headers

{"code":"00000","message":"一切 ok","data":[],"ok":true}
2026-04-18 12:46:20.528 TRACE 61860 --- [nio-8888-exec-4] org.zalando.logbook.Logbook              : Incoming Request: e90d94a37655b721
Remote: 0:0:0:0:0:0:0:1
POST http://localhost:8888/api/front/ai/ask HTTP/1.1
content-length: 47
content-type: application/json
host: localhost:8888

{"question":"主角是谁","bookId":1,"topK":5}
2026-04-18 12:46:20.530  WARN 61860 --- [nio-8888-exec-4] i.g.x.n.s.impl.AiSearchServiceImpl       : [AI问答降级] Milvus向量数据库未启用，无法检索小说内容
2026-04-18 12:46:20.568 TRACE 61860 --- [nio-8888-exec-5] org.zalando.logbook.Logbook              : Outgoing Response: e90d94a37655b721
Duration: 43 ms
HTTP/1.1 200 OK
Content-Type: text/event-stream
Date: Sat, 18 Apr 2026 04:46:20 GMT
Transfer-Encoding: chunked
Vary: Origin, Access-Control-Request-Method, Access-Control-Request-Headers

<stream>
2026-04-18 12:46:20.573 TRACE 61860 --- [nio-8888-exec-6] org.zalando.logbook.Logbook              : Incoming Request: bce04405aea03444
Remote: 0:0:0:0:0:0:0:1
GET http://localhost:8888/api/author/ai/characters HTTP/1.1
host: localhost:8888
user-agent: Mozilla/5.0 (Windows NT; Windows NT 10.0; zh-CN) WindowsPowerShell/5.1.26100.8115
2026-04-18 12:46:20.576 TRACE 61860 --- [nio-8888-exec-6] org.zalando.logbook.Logbook              : Outgoing Response: bce04405aea03444
Duration: 3 ms
HTTP/1.1 200 OK
Content-Type: application/json;charset=UTF-8
Date: Sat, 18 Apr 2026 04:46:20 GMT
Transfer-Encoding: chunked
Vary: Origin, Access-Control-Request-Method, Access-Control-Request-Headers

{"code":"A0230","message":"用户登录已过期","data":null,"ok":false}
2026-04-18 12:46:20.594 TRACE 61860 --- [nio-8888-exec-7] org.zalando.logbook.Logbook              : Incoming Request: ec939d91af4b36fb
Remote: 0:0:0:0:0:0:0:1
GET http://localhost:8888/api/author/ai/sessions HTTP/1.1
host: localhost:8888
user-agent: Mozilla/5.0 (Windows NT; Windows NT 10.0; zh-CN) WindowsPowerShell/5.1.26100.8115
2026-04-18 12:46:20.597 TRACE 61860 --- [nio-8888-exec-7] org.zalando.logbook.Logbook              : Outgoing Response: ec939d91af4b36fb
Duration: 2 ms
HTTP/1.1 200 OK
Content-Type: application/json;charset=UTF-8
Date: Sat, 18 Apr 2026 04:46:20 GMT
Transfer-Encoding: chunked
Vary: Origin, Access-Control-Request-Method, Access-Control-Request-Headers

{"code":"A0230","message":"用户登录已过期","data":null,"ok":false}
2026-04-18 12:46:41.442 TRACE 61860 --- [nio-8888-exec-9] org.zalando.logbook.Logbook              : Incoming Request: 987f5ab82c4ce300
Remote: 0:0:0:0:0:0:0:1
POST http://localhost:8888/api/front/ai/search HTTP/1.1
connection: Keep-Alive
content-length: 22
content-type: application/json
expect: 100-continue
host: localhost:8888
user-agent: Mozilla/5.0 (Windows NT; Windows NT 10.0; zh-CN) WindowsPowerShell/5.1.26100.8115

{"query":"?","topK":5}
2026-04-18 12:46:41.444  WARN 61860 --- [nio-8888-exec-9] i.g.x.n.s.impl.AiSearchServiceImpl       : [AI搜索降级] Milvus向量数据库未启用，使用数据库关键字搜索: query=?
2026-04-18 12:46:41.446 DEBUG 61860 --- [nio-8888-exec-9] i.g.x.n.d.m.BookInfoMapper.selectList    : ==>  Preparing: SELECT id,work_direction,category_id,category_name,pic_url,book_name,author_id,author_name,book_desc,score,book_status,visit_count,word_count,comment_count,last_chapter_id,last_chapter_name,last_chapter_update_time,is_vip,create_time,update_time FROM book_info WHERE (book_name LIKE ? OR book_desc LIKE ? OR author_name LIKE ?) ORDER BY visit_count DESC LIMIT 5
2026-04-18 12:46:41.446 DEBUG 61860 --- [nio-8888-exec-9] i.g.x.n.d.m.BookInfoMapper.selectList    : ==> Parameters: %?%(String), %?%(String), %?%(String)
2026-04-18 12:46:41.447 DEBUG 61860 --- [nio-8888-exec-9] i.g.x.n.d.m.BookInfoMapper.selectList    : <==      Total: 0
2026-04-18 12:46:41.449 TRACE 61860 --- [nio-8888-exec-9] org.zalando.logbook.Logbook              : Outgoing Response: 987f5ab82c4ce300
Duration: 7 ms
HTTP/1.1 200 OK
Connection: keep-alive
Content-Type: application/json
Date: Sat, 18 Apr 2026 04:46:41 GMT
Keep-Alive: timeout=60
Transfer-Encoding: chunked
Vary: Origin, Access-Control-Request-Method, Access-Control-Request-Headers

{"code":"00000","message":"一切 ok","data":[],"ok":true}
2026-04-18 12:46:51.978 DEBUG 61860 --- [   scheduling-1] i.g.x.n.d.m.A.selectList                 : ==>  Preparing: SELECT id,word,category,level,is_enabled,create_time FROM audit_sensitive_word
2026-04-18 12:46:51.978 DEBUG 61860 --- [   scheduling-1] i.g.x.n.d.m.A.selectList                 : ==> Parameters: 
2026-04-18 12:46:51.979 DEBUG 61860 --- [   scheduling-1] i.g.x.n.d.m.A.selectList                 : <==      Total: 14
2026-04-18 12:46:51.980  INFO 61860 --- [   scheduling-1] i.g.x.n.core.audit.SensitiveWordFilter   : 敏感词库加载完成，共 14 个
2026-04-18 12:51:51.985 DEBUG 61860 --- [   scheduling-1] i.g.x.n.d.m.A.selectList                 : ==>  Preparing: SELECT id,word,category,level,is_enabled,create_time FROM audit_sensitive_word
2026-04-18 12:51:51.986 DEBUG 61860 --- [   scheduling-1] i.g.x.n.d.m.A.selectList                 : ==> Parameters: 
2026-04-18 12:51:51.988 DEBUG 61860 --- [   scheduling-1] i.g.x.n.d.m.A.selectList                 : <==      Total: 14
2026-04-18 12:51:51.988  INFO 61860 --- [   scheduling-1] i.g.x.n.core.audit.SensitiveWordFilter   : 敏感词库加载完成，共 14 个
2026-04-18 12:56:51.985 DEBUG 61860 --- [   scheduling-1] i.g.x.n.d.m.A.selectList                 : ==>  Preparing: SELECT id,word,category,level,is_enabled,create_time FROM audit_sensitive_word
2026-04-18 12:56:51.985 DEBUG 61860 --- [   scheduling-1] i.g.x.n.d.m.A.selectList                 : ==> Parameters: 
2026-04-18 12:56:51.987 DEBUG 61860 --- [   scheduling-1] i.g.x.n.d.m.A.selectList                 : <==      Total: 14
2026-04-18 12:56:51.987  INFO 61860 --- [   scheduling-1] i.g.x.n.core.audit.SensitiveWordFilter   : 敏感词库加载完成，共 14 个
2026-04-18 13:01:51.990 DEBUG 61860 --- [   scheduling-1] i.g.x.n.d.m.A.selectList                 : ==>  Preparing: SELECT id,word,category,level,is_enabled,create_time FROM audit_sensitive_word
2026-04-18 13:01:51.991 DEBUG 61860 --- [   scheduling-1] i.g.x.n.d.m.A.selectList                 : ==> Parameters: 
2026-04-18 13:01:51.992 DEBUG 61860 --- [   scheduling-1] i.g.x.n.d.m.A.selectList                 : <==      Total: 14
2026-04-18 13:01:51.993  INFO 61860 --- [   scheduling-1] i.g.x.n.core.audit.SensitiveWordFilter   : 敏感词库加载完成，共 14 个
2026-04-18 13:06:51.983 DEBUG 61860 --- [   scheduling-1] i.g.x.n.d.m.A.selectList                 : ==>  Preparing: SELECT id,word,category,level,is_enabled,create_time FROM audit_sensitive_word
2026-04-18 13:06:51.984 DEBUG 61860 --- [   scheduling-1] i.g.x.n.d.m.A.selectList                 : ==> Parameters: 
2026-04-18 13:06:51.985 DEBUG 61860 --- [   scheduling-1] i.g.x.n.d.m.A.selectList                 : <==      Total: 14
2026-04-18 13:06:51.986  INFO 61860 --- [   scheduling-1] i.g.x.n.core.audit.SensitiveWordFilter   : 敏感词库加载完成，共 14 个
2026-04-18 13:11:51.981 DEBUG 61860 --- [   scheduling-1] i.g.x.n.d.m.A.selectList                 : ==>  Preparing: SELECT id,word,category,level,is_enabled,create_time FROM audit_sensitive_word
2026-04-18 13:11:51.982 DEBUG 61860 --- [   scheduling-1] i.g.x.n.d.m.A.selectList                 : ==> Parameters: 
2026-04-18 13:11:51.986 DEBUG 61860 --- [   scheduling-1] i.g.x.n.d.m.A.selectList                 : <==      Total: 14
2026-04-18 13:11:51.987  INFO 61860 --- [   scheduling-1] i.g.x.n.core.audit.SensitiveWordFilter   : 敏感词库加载完成，共 14 个
2026-04-18 13:16:51.989 DEBUG 61860 --- [   scheduling-1] i.g.x.n.d.m.A.selectList                 : ==>  Preparing: SELECT id,word,category,level,is_enabled,create_time FROM audit_sensitive_word
2026-04-18 13:16:51.989 DEBUG 61860 --- [   scheduling-1] i.g.x.n.d.m.A.selectList                 : ==> Parameters: 
2026-04-18 13:16:51.991 DEBUG 61860 --- [   scheduling-1] i.g.x.n.d.m.A.selectList                 : <==      Total: 14
2026-04-18 13:16:51.991  INFO 61860 --- [   scheduling-1] i.g.x.n.core.audit.SensitiveWordFilter   : 敏感词库加载完成，共 14 个
2026-04-18 13:21:51.975 DEBUG 61860 --- [   scheduling-1] i.g.x.n.d.m.A.selectList                 : ==>  Preparing: SELECT id,word,category,level,is_enabled,create_time FROM audit_sensitive_word
2026-04-18 13:21:51.976 DEBUG 61860 --- [   scheduling-1] i.g.x.n.d.m.A.selectList                 : ==> Parameters: 
2026-04-18 13:21:51.977 DEBUG 61860 --- [   scheduling-1] i.g.x.n.d.m.A.selectList                 : <==      Total: 14
2026-04-18 13:21:51.978  INFO 61860 --- [   scheduling-1] i.g.x.n.core.audit.SensitiveWordFilter   : 敏感词库加载完成，共 14 个
2026-04-18 13:26:51.976 DEBUG 61860 --- [   scheduling-1] i.g.x.n.d.m.A.selectList                 : ==>  Preparing: SELECT id,word,category,level,is_enabled,create_time FROM audit_sensitive_word
2026-04-18 13:26:51.977 DEBUG 61860 --- [   scheduling-1] i.g.x.n.d.m.A.selectList                 : ==> Parameters: 
2026-04-18 13:26:51.978 DEBUG 61860 --- [   scheduling-1] i.g.x.n.d.m.A.selectList                 : <==      Total: 14
2026-04-18 13:26:51.978  INFO 61860 --- [   scheduling-1] i.g.x.n.core.audit.SensitiveWordFilter   : 敏感词库加载完成，共 14 个
2026-04-18 13:31:51.976 DEBUG 61860 --- [   scheduling-1] i.g.x.n.d.m.A.selectList                 : ==>  Preparing: SELECT id,word,category,level,is_enabled,create_time FROM audit_sensitive_word
2026-04-18 13:31:51.977 DEBUG 61860 --- [   scheduling-1] i.g.x.n.d.m.A.selectList                 : ==> Parameters: 
2026-04-18 13:31:51.979 DEBUG 61860 --- [   scheduling-1] i.g.x.n.d.m.A.selectList                 : <==      Total: 14
2026-04-18 13:31:51.980  INFO 61860 --- [   scheduling-1] i.g.x.n.core.audit.SensitiveWordFilter   : 敏感词库加载完成，共 14 个
2026-04-18 13:36:51.986 DEBUG 61860 --- [   scheduling-1] i.g.x.n.d.m.A.selectList                 : ==>  Preparing: SELECT id,word,category,level,is_enabled,create_time FROM audit_sensitive_word
2026-04-18 13:36:51.991 DEBUG 61860 --- [   scheduling-1] i.g.x.n.d.m.A.selectList                 : ==> Parameters: 
2026-04-18 13:36:51.998 DEBUG 61860 --- [   scheduling-1] i.g.x.n.d.m.A.selectList                 : <==      Total: 14
2026-04-18 13:36:52.003  INFO 61860 --- [   scheduling-1] i.g.x.n.core.audit.SensitiveWordFilter   : 敏感词库加载完成，共 14 个
2026-04-18 13:41:51.976 DEBUG 61860 --- [   scheduling-1] i.g.x.n.d.m.A.selectList                 : ==>  Preparing: SELECT id,word,category,level,is_enabled,create_time FROM audit_sensitive_word
2026-04-18 13:41:51.977 DEBUG 61860 --- [   scheduling-1] i.g.x.n.d.m.A.selectList                 : ==> Parameters: 
2026-04-18 13:41:51.981 DEBUG 61860 --- [   scheduling-1] i.g.x.n.d.m.A.selectList                 : <==      Total: 14
2026-04-18 13:41:51.982  INFO 61860 --- [   scheduling-1] i.g.x.n.core.audit.SensitiveWordFilter   : 敏感词库加载完成，共 14 个
[INFO] ------------------------------------------------------------------------
[INFO] BUILD FAILURE
[INFO] ------------------------------------------------------------------------
[INFO] Total time:  01:01 h
[INFO] Finished at: 2026-04-18T13:43:16+08:00
[INFO] ------------------------------------------------------------------------
[ERROR] Failed to execute goal org.springframework.boot:spring-boot-maven-plugin:3.3.0:run (default-cli) on project novel: Process terminated with exit code: -1 -> [Help 1]
[ERROR] 
[ERROR] To see the full stack trace of the errors, re-run Maven with the -e switch.
[ERROR] Re-run Maven using the -X switch to enable full debug logging.
[ERROR] 
[ERROR] For more information about the errors and possible solutions, please read the following articles:
[ERROR] [Help 1] http://cwiki.apache.org/confluence/display/MAVEN/MojoExecutionException
